This is pdfTeX, Version 3.141592653-2.6-1.40.26 (TeX Live 2024) (preloaded format=pdflatex 2024.4.6)  16 APR 2024 14:12
entering extended mode
 restricted \write18 enabled.
 file:line:error style messages enabled.
 %&-line parsing enabled.
**trigonometrie05.tex
(./trigonometrie05.tex
LaTeX2e <2023-11-01> patch level 1
L3 programming layer <2024-03-14>
(/usr/local/texlive/2024/texmf-dist/tex/latex/extsizes/extreport.cls
Document Class: extreport 1996/10/08 v1.0 Non Standard LaTeX document class
(/usr/local/texlive/2024/texmf-dist/tex/latex/extsizes/size17.clo
File: size17.clo 1999/11/11 NON-Standard LaTeX file (size option)
)
(/usr/local/texlive/2024/texmf-dist/tex/latex/base/exscale.sty
Package: exscale 2018/09/24 v2.1i Standard LaTeX package exscale
LaTeX Font Info:    Redeclaring symbol font `largesymbols' on input line 57.
LaTeX Font Info:    Overwriting symbol font `largesymbols' in version `normal'
(Font)                  OMX/cmex/m/n --> OMX/cmex/m/n on input line 57.
LaTeX Font Info:    Overwriting symbol font `largesymbols' in version `bold'
(Font)                  OMX/cmex/m/n --> OMX/cmex/m/n on input line 57.
\big@size=\dimen140
)
\c@part=\count188
\c@chapter=\count189
\c@section=\count190
\c@subsection=\count191
\c@subsubsection=\count192
\c@paragraph=\count193
\c@subparagraph=\count194
\c@figure=\count195
\c@table=\count196
\abovecaptionskip=\skip48
\belowcaptionskip=\skip49
\bibindent=\dimen141
)
(/usr/local/texlive/2024/texmf-dist/tex/generic/babel/babel.sty
Package: babel 2024/03/29 v24.3 The Babel package
\babel@savecnt=\count197
\U@D=\dimen142
\l@unhyphenated=\language89

(/usr/local/texlive/2024/texmf-dist/tex/generic/babel/txtbabel.def)
\bbl@readstream=\read2
\bbl@dirlevel=\count198

(/usr/local/texlive/2024/texmf-dist/tex/generic/babel-french/french.ldf
Language: french 2024-02-29 v3.5s French support from the babel system
Package babel Info: Hyphen rules for 'acadian' set to \l@french
(babel)             (\language31). Reported on input line 91.
Package babel Info: Hyphen rules for 'canadien' set to \l@french
(babel)             (\language31). Reported on input line 92.
\FB@stdchar=\count199
Package babel Info: Making : an active character on input line 420.
Package babel Info: Making ; an active character on input line 421.
Package babel Info: Making ! an active character on input line 422.
Package babel Info: Making ? an active character on input line 423.
\FBguill@level=\count266
\FBold@everypar=\toks17
\FB@Mht=\dimen143
\mc@charclass=\count267
\mc@charfam=\count268
\mc@charslot=\count269
\std@mcc=\count270
\dec@mcc=\count271
\FB@parskip=\dimen144
\listindentFB=\dimen145
\descindentFB=\dimen146
\labelindentFB=\dimen147
\labelwidthFB=\dimen148
\leftmarginFB=\dimen149
\parindentFFN=\dimen150
\FBfnindent=\dimen151
))
(/usr/local/texlive/2024/texmf-dist/tex/generic/babel/locale/fr/babel-french.te
x
Package babel Info: Importing font and identification data for french
(babel)             from babel-fr.ini. Reported on input line 11.
) (/usr/local/texlive/2024/texmf-dist/tex/latex/carlisle/scalefnt.sty)
(/usr/local/texlive/2024/texmf-dist/tex/latex/graphics/keyval.sty
Package: keyval 2022/05/29 v1.15 key=value parser (DPC)
\KV@toks@=\toks18
)
(/usr/local/texlive/2024/texmf-dist/tex/latex/base/fontenc.sty
Package: fontenc 2021/04/29 v2.0v Standard LaTeX package
)
(/usr/local/texlive/2024/texmf-dist/tex/latex/base/inputenc.sty
Package: inputenc 2021/02/14 v1.3d Input encoding file
\inpenc@prehook=\toks19
\inpenc@posthook=\toks20
)
(/usr/local/texlive/2024/texmf-dist/tex/latex/amsmath/amsmath.sty
Package: amsmath 2023/05/13 v2.17o AMS math features
\@mathmargin=\skip50

For additional information on amsmath, use the `?' option.
(/usr/local/texlive/2024/texmf-dist/tex/latex/amsmath/amstext.sty
Package: amstext 2021/08/26 v2.01 AMS text

(/usr/local/texlive/2024/texmf-dist/tex/latex/amsmath/amsgen.sty
File: amsgen.sty 1999/11/30 v2.0 generic functions
\@emptytoks=\toks21
\ex@=\dimen152
))
(/usr/local/texlive/2024/texmf-dist/tex/latex/amsmath/amsbsy.sty
Package: amsbsy 1999/11/29 v1.2d Bold Symbols
\pmbraise@=\dimen153
)
(/usr/local/texlive/2024/texmf-dist/tex/latex/amsmath/amsopn.sty
Package: amsopn 2022/04/08 v2.04 operator names
)
\inf@bad=\count272
LaTeX Info: Redefining \frac on input line 234.
\uproot@=\count273
\leftroot@=\count274
LaTeX Info: Redefining \overline on input line 399.
LaTeX Info: Redefining \colon on input line 410.
\classnum@=\count275
\DOTSCASE@=\count276
LaTeX Info: Redefining \ldots on input line 496.
LaTeX Info: Redefining \dots on input line 499.
LaTeX Info: Redefining \cdots on input line 620.
\Mathstrutbox@=\box51
\strutbox@=\box52
LaTeX Info: Redefining \big on input line 722.
LaTeX Info: Redefining \Big on input line 723.
LaTeX Info: Redefining \bigg on input line 724.
LaTeX Info: Redefining \Bigg on input line 725.
\big@size=\dimen154
LaTeX Font Info:    Redeclaring font encoding OML on input line 743.
LaTeX Font Info:    Redeclaring font encoding OMS on input line 744.
\macc@depth=\count277
LaTeX Info: Redefining \bmod on input line 905.
LaTeX Info: Redefining \pmod on input line 910.
LaTeX Info: Redefining \smash on input line 940.
LaTeX Info: Redefining \relbar on input line 970.
LaTeX Info: Redefining \Relbar on input line 971.
\c@MaxMatrixCols=\count278
\dotsspace@=\muskip16
\c@parentequation=\count279
\dspbrk@lvl=\count280
\tag@help=\toks22
\row@=\count281
\column@=\count282
\maxfields@=\count283
\andhelp@=\toks23
\eqnshift@=\dimen155
\alignsep@=\dimen156
\tagshift@=\dimen157
\tagwidth@=\dimen158
\totwidth@=\dimen159
\lineht@=\dimen160
\@envbody=\toks24
\multlinegap=\skip51
\multlinetaggap=\skip52
\mathdisplay@stack=\toks25
LaTeX Info: Redefining \[ on input line 2953.
LaTeX Info: Redefining \] on input line 2954.
)
(/usr/local/texlive/2024/texmf-dist/tex/latex/amscls/amsthm.sty
Package: amsthm 2020/05/29 v2.20.6
\thm@style=\toks26
\thm@bodyfont=\toks27
\thm@headfont=\toks28
\thm@notefont=\toks29
\thm@headpunct=\toks30
\thm@preskip=\skip53
\thm@postskip=\skip54
\thm@headsep=\skip55
\dth@everypar=\toks31
)
(/usr/local/texlive/2024/texmf-dist/tex/latex/amsfonts/amssymb.sty
Package: amssymb 2013/01/14 v3.01 AMS font symbols

(/usr/local/texlive/2024/texmf-dist/tex/latex/amsfonts/amsfonts.sty
Package: amsfonts 2013/01/14 v3.01 Basic AMSFonts support
\symAMSa=\mathgroup4
\symAMSb=\mathgroup5
LaTeX Font Info:    Redeclaring math symbol \hbar on input line 98.
LaTeX Font Info:    Overwriting math alphabet `\mathfrak' in version `bold'
(Font)                  U/euf/m/n --> U/euf/b/n on input line 106.
))
(/usr/local/texlive/2024/texmf-dist/tex/latex/url/url.sty
\Urlmuskip=\muskip17
Package: url 2013/09/16  ver 3.4  Verb mode for urls, etc.
)
(/usr/local/texlive/2024/texmf-dist/tex/latex/tools/xspace.sty
Package: xspace 2014/10/28 v1.13 Space after command names (DPC,MH)
)
(/usr/local/texlive/2024/texmf-dist/tex/latex/mathtools/mathtools.sty
Package: mathtools 2024/03/11 v1.30 mathematical typesetting tools

(/usr/local/texlive/2024/texmf-dist/tex/latex/tools/calc.sty
Package: calc 2023/07/08 v4.3 Infix arithmetic (KKT,FJ)
\calc@Acount=\count284
\calc@Bcount=\count285
\calc@Adimen=\dimen161
\calc@Bdimen=\dimen162
\calc@Askip=\skip56
\calc@Bskip=\skip57
LaTeX Info: Redefining \setlength on input line 80.
LaTeX Info: Redefining \addtolength on input line 81.
\calc@Ccount=\count286
\calc@Cskip=\skip58
)
(/usr/local/texlive/2024/texmf-dist/tex/latex/mathtools/mhsetup.sty
Package: mhsetup 2021/03/18 v1.4 programming setup (MH)
)
\g_MT_multlinerow_int=\count287
\l_MT_multwidth_dim=\dimen163
\origjot=\skip59
\l_MT_shortvdotswithinadjustabove_dim=\dimen164
\l_MT_shortvdotswithinadjustbelow_dim=\dimen165
\l_MT_above_intertext_sep=\dimen166
\l_MT_below_intertext_sep=\dimen167
\l_MT_above_shortintertext_sep=\dimen168
\l_MT_below_shortintertext_sep=\dimen169
\xmathstrut@box=\box53
\xmathstrut@dim=\dimen170
)
(/usr/local/texlive/2024/texmf-dist/tex/latex/amsfonts/eucal.sty
Package: eucal 2009/06/22 v3.00 Euler Script fonts
LaTeX Font Info:    Overwriting math alphabet `\EuScript' in version `bold'
(Font)                  U/eus/m/n --> U/eus/b/n on input line 33.
)
(/usr/local/texlive/2024/texmf-dist/tex/latex/diagbox/diagbox.sty
Package: diagbox 2020/02/09 v2.3 Making table heads with diagonal lines

(/usr/local/texlive/2024/texmf-dist/tex/latex/pict2e/pict2e.sty
Package: pict2e 2020/09/30 v0.4b Improved picture commands (HjG,RN,JT)

(/usr/local/texlive/2024/texmf-dist/tex/latex/pict2e/pict2e.cfg
File: pict2e.cfg 2016/02/05 v0.1u pict2e configuration for teTeX/TeXLive
)
Package pict2e Info: Driver file: pdftex.def on input line 112.

(/usr/local/texlive/2024/texmf-dist/tex/latex/graphics-def/pdftex.def
File: pdftex.def 2022/09/22 v1.2b Graphics/color driver for pdftex
)
Package pict2e Info: Driver file for pict2e: p2e-pdftex.def on input line 114.

(/usr/local/texlive/2024/texmf-dist/tex/latex/pict2e/p2e-pdftex.def
File: p2e-pdftex.def 2016/02/05 v0.1u Driver-dependant file (RN,HjG,JT)
)
(/usr/local/texlive/2024/texmf-dist/tex/latex/graphics/trig.sty
Package: trig 2021/08/11 v1.11 sin cos tan (DPC)
)
\pIIe@GRAPH=\toks32
\@arclen=\dimen171
\@arcrad=\dimen172
\pIIe@tempdima=\dimen173
\pIIe@tempdimb=\dimen174
\pIIe@tempdimc=\dimen175
\pIIe@tempdimd=\dimen176
\pIIe@tempdime=\dimen177
\pIIe@tempdimf=\dimen178
)
(/usr/local/texlive/2024/texmf-dist/tex/latex/tools/array.sty
Package: array 2023/10/16 v2.5g Tabular extension package (FMi)
\col@sep=\dimen179
\ar@mcellbox=\box54
\extrarowheight=\dimen180
\NC@list=\toks33
\extratabsurround=\skip60
\backup@length=\skip61
\ar@cellbox=\box55
)
\diagbox@boxa=\box56
\diagbox@boxb=\box57
\diagbox@boxm=\box58
\diagbox@wd=\dimen181
\diagbox@ht=\dimen182
\diagbox@insepl=\dimen183
\diagbox@insepr=\dimen184
\diagbox@outsepl=\dimen185
\diagbox@outsepr=\dimen186
)
(/usr/local/texlive/2024/texmf-dist/tex/latex/fancybox/fancybox.sty
Package: fancybox 2010/05/15 1.4

Style option: `fancybox' v1.4 <2010/05/15> (tvz)
\@fancybox=\box59
\shadowsize=\dimen187
\@Sbox=\box60
\do@VerbBox=\toks34
\the@fancyput=\toks35
\this@fancyput=\toks36
\EndVerbatimTokens=\toks37
\Verbatim@Outfile=\write3
\Verbatim@Infile=\read3
) (/usr/local/texlive/2024/texmf-dist/tex/latex/xcolor/xcolor.sty
Package: xcolor 2023/11/15 v3.01 LaTeX color extensions (UK)

(/usr/local/texlive/2024/texmf-dist/tex/latex/graphics-cfg/color.cfg
File: color.cfg 2016/01/02 v1.6 sample color configuration
)
Package xcolor Info: Driver file: pdftex.def on input line 274.

(/usr/local/texlive/2024/texmf-dist/tex/latex/graphics/mathcolor.ltx)
Package xcolor Info: Model `cmy' substituted by `cmy0' on input line 1350.
Package xcolor Info: Model `hsb' substituted by `rgb' on input line 1354.
Package xcolor Info: Model `RGB' extended on input line 1366.
Package xcolor Info: Model `HTML' substituted by `rgb' on input line 1368.
Package xcolor Info: Model `Hsb' substituted by `hsb' on input line 1369.
Package xcolor Info: Model `tHsb' substituted by `hsb' on input line 1370.
Package xcolor Info: Model `HSB' substituted by `hsb' on input line 1371.
Package xcolor Info: Model `Gray' substituted by `gray' on input line 1372.
Package xcolor Info: Model `wave' substituted by `hsb' on input line 1373.
)
\c@definition=\count288
\c@theoreme=\count289
\c@proposition=\count290
\c@lemme=\count291
\c@corollaire=\count292
\c@propriete=\count293
\c@axiome=\count294

(/usr/local/texlive/2024/texmf-dist/tex/latex/geometry/geometry.sty
Package: geometry 2020/01/02 v5.9 Page Geometry

(/usr/local/texlive/2024/texmf-dist/tex/generic/iftex/ifvtex.sty
Package: ifvtex 2019/10/25 v1.7 ifvtex legacy package. Use iftex instead.

(/usr/local/texlive/2024/texmf-dist/tex/generic/iftex/iftex.sty
Package: iftex 2022/02/03 v1.0f TeX engine tests
))
\Gm@cnth=\count295
\Gm@cntv=\count296
\c@Gm@tempcnt=\count297
\Gm@bindingoffset=\dimen188
\Gm@wd@mp=\dimen189
\Gm@odd@mp=\dimen190
\Gm@even@mp=\dimen191
\Gm@layoutwidth=\dimen192
\Gm@layoutheight=\dimen193
\Gm@layouthoffset=\dimen194
\Gm@layoutvoffset=\dimen195
\Gm@dimlist=\toks38
)
(/usr/local/texlive/2024/texmf-dist/tex/latex/graphics/graphicx.sty
Package: graphicx 2021/09/16 v1.2d Enhanced LaTeX Graphics (DPC,SPQR)

(/usr/local/texlive/2024/texmf-dist/tex/latex/graphics/graphics.sty
Package: graphics 2022/03/10 v1.4e Standard LaTeX Graphics (DPC,SPQR)

(/usr/local/texlive/2024/texmf-dist/tex/latex/graphics-cfg/graphics.cfg
File: graphics.cfg 2016/06/04 v1.11 sample graphics configuration
)
Package graphics Info: Driver file: pdftex.def on input line 107.
)
\Gin@req@height=\dimen196
\Gin@req@width=\dimen197
)
(/usr/local/texlive/2024/texmf-dist/tex/latex/shorttoc/shorttoc.sty
Package: shorttoc 2002/08/20 v1.3 Short table of contents (JPFD)
)
(/usr/local/texlive/2024/texmf-dist/tex/latex/ccfonts/ccfonts.sty
Package: ccfonts 2020/03/25 v1.2 (WaS)
LaTeX Font Info:    Redeclaring symbol font `operators' on input line 80.
LaTeX Font Info:    Overwriting symbol font `operators' in version `normal'
(Font)                  OT1/cmr/m/n --> OT1/ccr/m/n on input line 80.
LaTeX Font Info:    Overwriting symbol font `operators' in version `bold'
(Font)                  OT1/cmr/bx/n --> OT1/ccr/m/n on input line 80.
LaTeX Font Info:    Redeclaring symbol font `letters' on input line 81.
LaTeX Font Info:    Overwriting symbol font `letters' in version `normal'
(Font)                  OML/cmm/m/it --> OML/ccm/m/it on input line 81.
LaTeX Font Info:    Overwriting symbol font `letters' in version `bold'
(Font)                  OML/cmm/b/it --> OML/ccm/m/it on input line 81.
LaTeX Font Info:    Redeclaring symbol font `symbols' on input line 82.
LaTeX Font Info:    Overwriting symbol font `symbols' in version `normal'
(Font)                  OMS/cmsy/m/n --> OMS/ccsy/m/n on input line 82.
LaTeX Font Info:    Overwriting symbol font `symbols' in version `bold'
(Font)                  OMS/cmsy/b/n --> OMS/ccsy/m/n on input line 82.
LaTeX Font Info:    Redeclaring symbol font `largesymbols' on input line 83.
LaTeX Font Info:    Overwriting symbol font `largesymbols' in version `normal'
(Font)                  OMX/cmex/m/n --> OMX/ccex/m/n on input line 83.
LaTeX Font Info:    Overwriting symbol font `largesymbols' in version `bold'
(Font)                  OMX/cmex/m/n --> OMX/ccex/m/n on input line 83.
LaTeX Font Info:    Redeclaring math alphabet \mathbf on input line 84.
LaTeX Font Info:    Overwriting math alphabet `\mathbf' in version `normal'
(Font)                  OT1/cmr/bx/n --> OT1/ccr/bx/n on input line 84.
LaTeX Font Info:    Overwriting math alphabet `\mathbf' in version `bold'
(Font)                  OT1/cmr/bx/n --> OT1/ccr/bx/n on input line 84.
LaTeX Font Info:    Redeclaring math alphabet \mathit on input line 85.
LaTeX Font Info:    Overwriting math alphabet `\mathit' in version `normal'
(Font)                  OT1/cmr/m/it --> OT1/ccr/m/it on input line 85.
LaTeX Font Info:    Overwriting math alphabet `\mathit' in version `bold'
(Font)                  OT1/cmr/bx/it --> OT1/ccr/m/it on input line 85.
)
(/usr/local/texlive/2024/texmf-dist/tex/latex/eulervm/eulervm.sty
Package: eulervm 2005/01/11 v4.0 (WaS)
)
(/usr/local/texlive/texmf-local/tex/latex/local/sagetex.sty
Package: sagetex 2021/10/16 v3.6 embedding Sage into LaTeX documents

(/usr/local/texlive/2024/texmf-dist/tex/latex/tools/verbatim.sty
Package: verbatim 2023-11-06 v1.5v LaTeX2e package for verbatim enhancements
\every@verbatim=\toks39
\verbatim@line=\toks40
\verbatim@in@stream=\read4
)
(/usr/local/texlive/2024/texmf-dist/tex/latex/fancyvrb/fancyvrb.sty
Package: fancyvrb 2024/01/20 4.5c verbatim text (tvz,hv)
\FV@CodeLineNo=\count298
\FV@InFile=\read5
\FV@TabBox=\box61
\c@FancyVerbLine=\count299
\FV@StepNumber=\count300
\FV@OutFile=\write4
LaTeX Info: Redefining \UseVerb on input line 1229.
)
(/usr/local/texlive/2024/texmf-dist/tex/latex/listings/listings.sty
\lst@mode=\count301
\lst@gtempboxa=\box62
\lst@token=\toks41
\lst@length=\count302
\lst@currlwidth=\dimen198
\lst@column=\count303
\lst@pos=\count304
\lst@lostspace=\dimen199
\lst@width=\dimen256
\lst@newlines=\count305
\lst@lineno=\count306
\lst@maxwidth=\dimen257

(/usr/local/texlive/2024/texmf-dist/tex/latex/listings/lstpatch.sty
File: lstpatch.sty 2024/03/11 1.10a (Carsten Heinz)
)
(/usr/local/texlive/2024/texmf-dist/tex/latex/listings/lstmisc.sty
File: lstmisc.sty 2024/03/11 1.10a (Carsten Heinz)
\c@lstnumber=\count307
\lst@skipnumbers=\count308
\lst@framebox=\box63
)
(/usr/local/texlive/2024/texmf-dist/tex/latex/listings/listings.cfg
File: listings.cfg 2024/03/11 1.10a listings configuration
))
Package: listings 2024/03/11 1.10a (Carsten Heinz)

(/usr/local/texlive/2024/texmf-dist/tex/latex/makecmds/makecmds.sty
Package: makecmds 2009/09/03 v1.0a extra command making commands
)
(/usr/local/texlive/2024/texmf-dist/tex/generic/iftex/ifpdf.sty
Package: ifpdf 2019/10/25 v3.4 ifpdf legacy package. Use iftex instead.
)
(/usr/local/texlive/2024/texmf-dist/tex/latex/base/ifthen.sty
Package: ifthen 2022/04/13 v1.1d Standard LaTeX ifthen package (DPC)
)
(/usr/local/texlive/2024/texmf-dist/tex/generic/iftex/ifxetex.sty
Package: ifxetex 2019/10/25 v0.7 ifxetex legacy package. Use iftex instead.
)
\c@ST@inline=\count309
\c@ST@plot=\count310
\c@ST@cmdline=\count311
\sagetexindent=\skip62

(./trigonometrie05.sagetex.sout)
\sagecommandlineskip=\skip63
)
LaTeX Font Info:    Trying to load font information for T1+ccr on input line 13
0.

(/usr/local/texlive/2024/texmf-dist/tex/latex/ccfonts/t1ccr.fd
File: t1ccr.fd 1999/11/22 v1.0a (WaS)
)
(/usr/local/texlive/2024/texmf-dist/tex/latex/l3backend/l3backend-pdftex.def
File: l3backend-pdftex.def 2024-03-14 L3 backend support: PDF output (pdfTeX)
\l__color_backend_stack_int=\count312
\l__pdf_internal_box=\box64
)
(./trigonometrie05.aux)
\openout1 = `trigonometrie05.aux'.

LaTeX Font Info:    Checking defaults for OML/cmm/m/it on input line 130.
LaTeX Font Info:    ... okay on input line 130.
LaTeX Font Info:    Checking defaults for OMS/cmsy/m/n on input line 130.
LaTeX Font Info:    ... okay on input line 130.
LaTeX Font Info:    Checking defaults for OT1/cmr/m/n on input line 130.
LaTeX Font Info:    ... okay on input line 130.
LaTeX Font Info:    Checking defaults for T1/cmr/m/n on input line 130.
LaTeX Font Info:    ... okay on input line 130.
LaTeX Font Info:    Checking defaults for TS1/cmr/m/n on input line 130.
LaTeX Font Info:    ... okay on input line 130.
LaTeX Font Info:    Checking defaults for OMX/cmex/m/n on input line 130.
LaTeX Font Info:    ... okay on input line 130.
LaTeX Font Info:    Checking defaults for U/cmr/m/n on input line 130.
LaTeX Font Info:    ... okay on input line 130.
LaTeX Info: Redefining \degres on input line 130.
LaTeX Info: Redefining \up on input line 130.

(/usr/local/texlive/2024/texmf-dist/tex/context/base/mkii/supp-pdf.mkii
[Loading MPS to PDF converter (version 2006.09.02).]
\scratchcounter=\count313
\scratchdimen=\dimen258
\scratchbox=\box65
\nofMPsegments=\count314
\nofMParguments=\count315
\everyMPshowfont=\toks42
\MPscratchCnt=\count316
\MPscratchDim=\dimen259
\MPnumerator=\count317
\makeMPintoPDFobject=\count318
\everyMPtoPDFconversion=\toks43
) (/usr/local/texlive/2024/texmf-dist/tex/latex/epstopdf-pkg/epstopdf-base.sty
Package: epstopdf-base 2020-01-24 v2.11 Base part for package epstopdf
Package epstopdf-base Info: Redefining graphics rule for `.eps' on input line 4
85.

(/usr/local/texlive/2024/texmf-dist/tex/latex/latexconfig/epstopdf-sys.cfg
File: epstopdf-sys.cfg 2010/07/13 v1.3 Configuration of (r)epstopdf for TeX Liv
e
))
*geometry* driver: auto-detecting
*geometry* detected driver: pdftex
*geometry* verbose mode - [ preamble ] result:
* driver: pdftex
* paper: a4paper
* layout: <same size as paper>
* layoutoffset:(h,v)=(0.0pt,0.0pt)
* modes: landscape 
* h-part:(L,W,R)=(14.22636pt, 816.59412pt, 14.22636pt)
* v-part:(T,H,B)=(42.67912pt, 512.14963pt, 42.67912pt)
* \paperwidth=845.04684pt
* \paperheight=597.50787pt
* \textwidth=816.59412pt
* \textheight=512.14963pt
* \oddsidemargin=-58.04362pt
* \evensidemargin=-58.04362pt
* \topmargin=-29.59087pt
* \headheight=0.0pt
* \headsep=0.0pt
* \topskip=17.0pt
* \footskip=35.0pt
* \marginparwidth=112.0pt
* \marginparsep=12.0pt
* \columnsep=10.0pt
* \skip\footins=14.0pt plus 5.0pt minus 3.0pt
* \hoffset=0.0pt
* \voffset=0.0pt
* \mag=1000
* \@twocolumnfalse
* \@twosidefalse
* \@mparswitchfalse
* \@reversemarginfalse
* (1in=72.27pt=25.4mm, 1cm=28.453pt)

\c@lstlisting=\count319
\ST@sf=\write5
\openout5 = `trigonometrie05.sagetex.sage'.


LaTeX Font Warning: Font shape `T1/ccr/m/n' in size <29.86> not available
(Font)              size <24.88> substituted on input line 145.

LaTeX Font Info:    Trying to load font information for U+zeur on input line 14
5.
(/usr/local/texlive/2024/texmf-dist/tex/latex/eulervm/uzeur.fd
File: uzeur.fd 2005/01/11 v4.0 (WaS)
)
LaTeX Font Info:    Trying to load font information for U+zeus on input line 14
5.

(/usr/local/texlive/2024/texmf-dist/tex/latex/eulervm/uzeus.fd
File: uzeus.fd 2005/01/11 v4.0 (WaS)
)
LaTeX Font Info:    Trying to load font information for U+zeuex on input line 1
45.

(/usr/local/texlive/2024/texmf-dist/tex/latex/eulervm/uzeuex.fd
File: uzeuex.fd 2005/01/11 v4.0 (WaS)
) [1

{/usr/local/texlive/2024/texmf-var/fonts/map/pdftex/updmap/pdftex.map}{/usr/loc
al/texlive/2024/texmf-dist/fonts/enc/dvips/cm-super/cm-super-t1.enc}]

LaTeX Font Warning: Font shape `T1/ccr/m/n' in size <42.99> not available
(Font)              size <24.88> substituted on input line 148.


LaTeX Font Warning: Font shape `T1/ccr/b/n' undefined
(Font)              using `T1/ccr/m/n' instead on input line 148.

(./trigonometrie05.toc [1

] [2] [3] [4])
\tf@toc=\write6
\openout6 = `trigonometrie05.toc'.

 [5] [1]
Chapitre 1.

LaTeX Font Warning: Font shape `T1/ccr/m/n' in size <35.83> not available
(Font)              size <24.88> substituted on input line 163.


LaTeX Font Warning: Font shape `T1/ccr/b/n' in size <35.83> not available
(Font)              size <24.88> substituted on input line 163.


LaTeX Font Warning: Font shape `T1/ccr/b/n' in size <42.99> not available
(Font)              size <24.88> substituted on input line 163.

[1

] [2]
Chapitre 2.
LaTeX Font Info:    Trying to load font information for T1+cmtt on input line 2
08.
(/usr/local/texlive/2024/texmf-dist/tex/latex/base/t1cmtt.fd
File: t1cmtt.fd 2023/04/13 v2.5m Standard LaTeX font definitions
)
<sage-plots-for-trigonometrie05.tex/plot-0.pdf, id=36, 455.30101pt x 338.6628pt
>
File: sage-plots-for-trigonometrie05.tex/plot-0.pdf Graphic file (type pdf)
<use sage-plots-for-trigonometrie05.tex/plot-0.pdf>
Package pdftex.def Info: sage-plots-for-trigonometrie05.tex/plot-0.pdf  used on
 input line 215.
(pdftex.def)             Requested size: 244.98071pt x 182.21889pt.
 [3

] [4 <./sage-plots-for-trigonometrie05.tex/plot-0.pdf>] [5]
<sage-plots-for-trigonometrie05.tex/plot-1.pdf, id=59, 455.30101pt x 338.65906p
t>
File: sage-plots-for-trigonometrie05.tex/plot-1.pdf Graphic file (type pdf)
<use sage-plots-for-trigonometrie05.tex/plot-1.pdf>
Package pdftex.def Info: sage-plots-for-trigonometrie05.tex/plot-1.pdf  used on
 input line 249.
(pdftex.def)             Requested size: 244.98071pt x 182.21689pt.
 [6 <./sage-plots-for-trigonometrie05.tex/plot-1.pdf>] [7]
<sage-plots-for-trigonometrie05.tex/plot-2.pdf, id=79, 455.30101pt x 339.01567p
t>
File: sage-plots-for-trigonometrie05.tex/plot-2.pdf Graphic file (type pdf)
<use sage-plots-for-trigonometrie05.tex/plot-2.pdf>
Package pdftex.def Info: sage-plots-for-trigonometrie05.tex/plot-2.pdf  used on
 input line 281.
(pdftex.def)             Requested size: 244.98071pt x 182.40877pt.
 [8 <./sage-plots-for-trigonometrie05.tex/plot-2.pdf>]
[9] [10] [11]
<sage-plots-for-trigonometrie05.tex/plot-3.pdf, id=108, 452.72893pt x 339.66899
pt>
File: sage-plots-for-trigonometrie05.tex/plot-3.pdf Graphic file (type pdf)
<use sage-plots-for-trigonometrie05.tex/plot-3.pdf>
Package pdftex.def Info: sage-plots-for-trigonometrie05.tex/plot-3.pdf  used on
 input line 354.
(pdftex.def)             Requested size: 367.46486pt x 275.70049pt.
<sage-plots-for-trigonometrie05.tex/plot-4.pdf, id=109, 454.1694pt x 338.6628pt
>
File: sage-plots-for-trigonometrie05.tex/plot-4.pdf Graphic file (type pdf)
<use sage-plots-for-trigonometrie05.tex/plot-4.pdf>
Package pdftex.def Info: sage-plots-for-trigonometrie05.tex/plot-4.pdf  used on
 input line 355.
(pdftex.def)             Requested size: 367.46486pt x 274.01563pt.
 [12 <./sage-plots-for-trigonometrie05.tex/plot-3.pdf> <./sage-plots-for-trigon
ometrie05.tex/plot-4.pdf>] [13] [14]
<sage-plots-for-trigonometrie05.tex/plot-5.pdf, id=145, 452.72893pt x 339.66899
pt>
File: sage-plots-for-trigonometrie05.tex/plot-5.pdf Graphic file (type pdf)
<use sage-plots-for-trigonometrie05.tex/plot-5.pdf>
Package pdftex.def Info: sage-plots-for-trigonometrie05.tex/plot-5.pdf  used on
 input line 411.
(pdftex.def)             Requested size: 367.46486pt x 275.70049pt.
<sage-plots-for-trigonometrie05.tex/plot-6.pdf, id=146, 455.30101pt x 338.6628p
t>
File: sage-plots-for-trigonometrie05.tex/plot-6.pdf Graphic file (type pdf)
<use sage-plots-for-trigonometrie05.tex/plot-6.pdf>
Package pdftex.def Info: sage-plots-for-trigonometrie05.tex/plot-6.pdf  used on
 input line 412.
(pdftex.def)             Requested size: 367.46486pt x 273.33868pt.
 [15] [16 <./sage-plots-for-trigonometrie05.tex/plot-5.pdf> <./sage-plots-for-t
rigonometrie05.tex/plot-6.pdf>] [17]
<sage-plots-for-trigonometrie05.tex/plot-7.pdf, id=176, 453.75993pt x 338.21674
pt>
File: sage-plots-for-trigonometrie05.tex/plot-7.pdf Graphic file (type pdf)
<use sage-plots-for-trigonometrie05.tex/plot-7.pdf>
Package pdftex.def Info: sage-plots-for-trigonometrie05.tex/plot-7.pdf  used on
 input line 469.
(pdftex.def)             Requested size: 367.46486pt x 273.89728pt.
<sage-plots-for-trigonometrie05.tex/plot-8.pdf, id=177, 455.30101pt x 339.01567
pt>
File: sage-plots-for-trigonometrie05.tex/plot-8.pdf Graphic file (type pdf)
<use sage-plots-for-trigonometrie05.tex/plot-8.pdf>
Package pdftex.def Info: sage-plots-for-trigonometrie05.tex/plot-8.pdf  used on
 input line 470.
(pdftex.def)             Requested size: 367.46486pt x 273.6235pt.
 [18] [19 <./sage-plots-for-trigonometrie05.tex/plot-7.pdf> <./sage-plots-for-t
rigonometrie05.tex/plot-8.pdf>] [20]
Chapitre 3.
[21

]
<sage-plots-for-trigonometrie05.tex/plot-9.pdf, id=215, 454.78679pt x 339.25935
pt>
File: sage-plots-for-trigonometrie05.tex/plot-9.pdf Graphic file (type pdf)
<use sage-plots-for-trigonometrie05.tex/plot-9.pdf>
Package pdftex.def Info: sage-plots-for-trigonometrie05.tex/plot-9.pdf  used on
 input line 519.
(pdftex.def)             Requested size: 326.63266pt x 243.66087pt.
<sage-plots-for-trigonometrie05.tex/plot-10.pdf, id=216, 454.78679pt x 339.6689
9pt>
File: sage-plots-for-trigonometrie05.tex/plot-10.pdf Graphic file (type pdf)
<use sage-plots-for-trigonometrie05.tex/plot-10.pdf>
Package pdftex.def Info: sage-plots-for-trigonometrie05.tex/plot-10.pdf  used o
n input line 520.
(pdftex.def)             Requested size: 326.63266pt x 243.95508pt.
 [22 <./sage-plots-for-trigonometrie05.tex/plot-9.pdf> <./sage-plots-for-trigon
ometrie05.tex/plot-10.pdf>] [23]
<sage-plots-for-trigonometrie05.tex/plot-11.pdf, id=246, 454.78679pt x 339.6689
9pt>
File: sage-plots-for-trigonometrie05.tex/plot-11.pdf Graphic file (type pdf)
<use sage-plots-for-trigonometrie05.tex/plot-11.pdf>
Package pdftex.def Info: sage-plots-for-trigonometrie05.tex/plot-11.pdf  used o
n input line 561.
(pdftex.def)             Requested size: 326.63266pt x 243.95508pt.
<sage-plots-for-trigonometrie05.tex/plot-12.pdf, id=247, 454.78679pt x 339.2593
5pt>
File: sage-plots-for-trigonometrie05.tex/plot-12.pdf Graphic file (type pdf)
<use sage-plots-for-trigonometrie05.tex/plot-12.pdf>
Package pdftex.def Info: sage-plots-for-trigonometrie05.tex/plot-12.pdf  used o
n input line 562.
(pdftex.def)             Requested size: 326.63266pt x 243.66087pt.
 [24 <./sage-plots-for-trigonometrie05.tex/plot-11.pdf> <./sage-plots-for-trigo
nometrie05.tex/plot-12.pdf>] [25]
<sage-plots-for-trigonometrie05.tex/plot-13.pdf, id=278, 454.78679pt x 338.5766
pt>
File: sage-plots-for-trigonometrie05.tex/plot-13.pdf Graphic file (type pdf)
<use sage-plots-for-trigonometrie05.tex/plot-13.pdf>
Package pdftex.def Info: sage-plots-for-trigonometrie05.tex/plot-13.pdf  used o
n input line 600.
(pdftex.def)             Requested size: 326.63266pt x 243.1705pt.
<sage-plots-for-trigonometrie05.tex/plot-14.pdf, id=279, 454.78679pt x 338.4385
7pt>
File: sage-plots-for-trigonometrie05.tex/plot-14.pdf Graphic file (type pdf)
<use sage-plots-for-trigonometrie05.tex/plot-14.pdf>
Package pdftex.def Info: sage-plots-for-trigonometrie05.tex/plot-14.pdf  used o
n input line 601.
(pdftex.def)             Requested size: 326.63266pt x 243.07137pt.
 [26 <./sage-plots-for-trigonometrie05.tex/plot-13.pdf> <./sage-plots-for-trigo
nometrie05.tex/plot-14.pdf>]
<sage-plots-for-trigonometrie05.tex/plot-15.pdf, id=310, 454.78679pt x 338.3730
2pt>
File: sage-plots-for-trigonometrie05.tex/plot-15.pdf Graphic file (type pdf)
<use sage-plots-for-trigonometrie05.tex/plot-15.pdf>
Package pdftex.def Info: sage-plots-for-trigonometrie05.tex/plot-15.pdf  used o
n input line 622.
(pdftex.def)             Requested size: 326.63266pt x 243.02429pt.
 [27] [28 <./sage-plots-for-trigonometrie05.tex/plot-15.pdf>] [29]
<sage-plots-for-trigonometrie05.tex/plot-16.pdf, id=333, 455.27718pt x 338.3728
6pt>
File: sage-plots-for-trigonometrie05.tex/plot-16.pdf Graphic file (type pdf)
<use sage-plots-for-trigonometrie05.tex/plot-16.pdf>
Package pdftex.def Info: sage-plots-for-trigonometrie05.tex/plot-16.pdf  used o
n input line 660.
(pdftex.def)             Requested size: 408.29706pt x 303.46915pt.
 [30 <./sage-plots-for-trigonometrie05.tex/plot-16.pdf>] [31] [32]
<sage-plots-for-trigonometrie05.tex/plot-17.pdf, id=356, 455.27718pt x 338.3728
6pt>
File: sage-plots-for-trigonometrie05.tex/plot-17.pdf Graphic file (type pdf)
<use sage-plots-for-trigonometrie05.tex/plot-17.pdf>
Package pdftex.def Info: sage-plots-for-trigonometrie05.tex/plot-17.pdf  used o
n input line 706.
(pdftex.def)             Requested size: 244.98071pt x 182.07838pt.
<sage-plots-for-trigonometrie05.tex/plot-18.pdf, id=357, 455.27718pt x 339.1758
7pt>
File: sage-plots-for-trigonometrie05.tex/plot-18.pdf Graphic file (type pdf)
<use sage-plots-for-trigonometrie05.tex/plot-18.pdf>
Package pdftex.def Info: sage-plots-for-trigonometrie05.tex/plot-18.pdf  used o
n input line 707.
(pdftex.def)             Requested size: 244.98071pt x 182.51048pt.
<sage-plots-for-trigonometrie05.tex/plot-19.pdf, id=358, 455.23953pt x 338.3728
6pt>
File: sage-plots-for-trigonometrie05.tex/plot-19.pdf Graphic file (type pdf)
<use sage-plots-for-trigonometrie05.tex/plot-19.pdf>
Package pdftex.def Info: sage-plots-for-trigonometrie05.tex/plot-19.pdf  used o
n input line 708.
(pdftex.def)             Requested size: 244.98071pt x 182.08871pt.
<sage-plots-for-trigonometrie05.tex/plot-20.pdf, id=359, 453.75993pt x 339.6689
9pt>
File: sage-plots-for-trigonometrie05.tex/plot-20.pdf Graphic file (type pdf)
<use sage-plots-for-trigonometrie05.tex/plot-20.pdf>
Package pdftex.def Info: sage-plots-for-trigonometrie05.tex/plot-20.pdf  used o
n input line 721.
(pdftex.def)             Requested size: 408.29706pt x 305.64224pt.

[33 <./sage-plots-for-trigonometrie05.tex/plot-17.pdf> <./sage-plots-for-trigon
ometrie05.tex/plot-18.pdf> <./sage-plots-for-trigonometrie05.tex/plot-19.pdf>]
[34 <./sage-plots-for-trigonometrie05.tex/plot-20.pdf>] [35]
<sage-plots-for-trigonometrie05.tex/plot-21.pdf, id=412, 453.75993pt x 339.6689
9pt>
File: sage-plots-for-trigonometrie05.tex/plot-21.pdf Graphic file (type pdf)
<use sage-plots-for-trigonometrie05.tex/plot-21.pdf>
Package pdftex.def Info: sage-plots-for-trigonometrie05.tex/plot-21.pdf  used o
n input line 766.
(pdftex.def)             Requested size: 244.98071pt x 183.38742pt.
<sage-plots-for-trigonometrie05.tex/plot-22.pdf, id=413, 453.75993pt x 339.2593
5pt>
File: sage-plots-for-trigonometrie05.tex/plot-22.pdf Graphic file (type pdf)
<use sage-plots-for-trigonometrie05.tex/plot-22.pdf>
Package pdftex.def Info: sage-plots-for-trigonometrie05.tex/plot-22.pdf  used o
n input line 767.
(pdftex.def)             Requested size: 244.98071pt x 183.16626pt.
<sage-plots-for-trigonometrie05.tex/plot-23.pdf, id=414, 453.75993pt x 337.3909
8pt>
File: sage-plots-for-trigonometrie05.tex/plot-23.pdf Graphic file (type pdf)
<use sage-plots-for-trigonometrie05.tex/plot-23.pdf>
Package pdftex.def Info: sage-plots-for-trigonometrie05.tex/plot-23.pdf  used o
n input line 768.
(pdftex.def)             Requested size: 244.98071pt x 182.15752pt.
 [36]
<sage-plots-for-trigonometrie05.tex/plot-24.pdf, id=419, 453.1pt x 339.66899pt>

File: sage-plots-for-trigonometrie05.tex/plot-24.pdf Graphic file (type pdf)
<use sage-plots-for-trigonometrie05.tex/plot-24.pdf>
Package pdftex.def Info: sage-plots-for-trigonometrie05.tex/plot-24.pdf  used o
n input line 779.
(pdftex.def)             Requested size: 408.29706pt x 306.0828pt.
 [37 <./sage-plots-for-trigonometrie05.tex/plot-21.pdf> <./sage-plots-for-trigo
nometrie05.tex/plot-22.pdf> <./sage-plots-for-trigonometrie05.tex/plot-23.pdf>]
 [38 <./sage-plots-for-trigonometrie05.tex/plot-24.pdf>] [39]
<sage-plots-for-trigonometrie05.tex/plot-25.pdf, id=478, 453.19615pt x 338.8741
9pt>
File: sage-plots-for-trigonometrie05.tex/plot-25.pdf Graphic file (type pdf)
<use sage-plots-for-trigonometrie05.tex/plot-25.pdf>
Package pdftex.def Info: sage-plots-for-trigonometrie05.tex/plot-25.pdf  used o
n input line 827.
(pdftex.def)             Requested size: 244.98071pt x 183.18065pt.
<sage-plots-for-trigonometrie05.tex/plot-26.pdf, id=479, 455.30101pt x 339.2593
5pt>
File: sage-plots-for-trigonometrie05.tex/plot-26.pdf Graphic file (type pdf)
<use sage-plots-for-trigonometrie05.tex/plot-26.pdf>
Package pdftex.def Info: sage-plots-for-trigonometrie05.tex/plot-26.pdf  used o
n input line 828.
(pdftex.def)             Requested size: 244.98071pt x 182.53987pt.
<sage-plots-for-trigonometrie05.tex/plot-27.pdf, id=480, 453.07596pt x 338.3735
7pt>
File: sage-plots-for-trigonometrie05.tex/plot-27.pdf Graphic file (type pdf)
<use sage-plots-for-trigonometrie05.tex/plot-27.pdf>
Package pdftex.def Info: sage-plots-for-trigonometrie05.tex/plot-27.pdf  used o
n input line 829.
(pdftex.def)             Requested size: 244.98071pt x 182.96165pt.
 [40] [41 <./sage-plots-for-trigonometrie05.tex/plot-25.pdf> <./sage-plots-for-
trigonometrie05.tex/plot-26.pdf> <./sage-plots-for-trigonometrie05.tex/plot-27.
pdf>]
Chapitre 4.
[42

]
Overfull \vbox (44.46645pt too high) has occurred while \output is active []


[43] [44] [45] [46]
Chapitre 5.
[47

]
Overfull \vbox (27.11577pt too high) has occurred while \output is active []


[48] [49]
<sage-plots-for-trigonometrie05.tex/plot-28.pdf, id=552, 454.26709pt x 339.6689
9pt>
File: sage-plots-for-trigonometrie05.tex/plot-28.pdf Graphic file (type pdf)
<use sage-plots-for-trigonometrie05.tex/plot-28.pdf>
Package pdftex.def Info: sage-plots-for-trigonometrie05.tex/plot-28.pdf  used o
n input line 931.
(pdftex.def)             Requested size: 408.29706pt x 305.30536pt.
 [50 <./sage-plots-for-trigonometrie05.tex/plot-28.pdf>] [51]
<sage-plots-for-trigonometrie05.tex/plot-29.pdf, id=572, 454.58755pt x 338.4381
1pt>
File: sage-plots-for-trigonometrie05.tex/plot-29.pdf Graphic file (type pdf)
<use sage-plots-for-trigonometrie05.tex/plot-29.pdf>
Package pdftex.def Info: sage-plots-for-trigonometrie05.tex/plot-29.pdf  used o
n input line 981.
(pdftex.def)             Requested size: 326.63266pt x 243.18465pt.
<sage-plots-for-trigonometrie05.tex/plot-30.pdf, id=573, 454.58755pt x 339.1985
8pt>
File: sage-plots-for-trigonometrie05.tex/plot-30.pdf Graphic file (type pdf)
<use sage-plots-for-trigonometrie05.tex/plot-30.pdf>
Package pdftex.def Info: sage-plots-for-trigonometrie05.tex/plot-30.pdf  used o
n input line 982.
(pdftex.def)             Requested size: 326.63266pt x 243.73108pt.
 [52]
<sage-plots-for-trigonometrie05.tex/plot-31.pdf, id=578, 454.23924pt x 338.8530
4pt>
File: sage-plots-for-trigonometrie05.tex/plot-31.pdf Graphic file (type pdf)
<use sage-plots-for-trigonometrie05.tex/plot-31.pdf>
Package pdftex.def Info: sage-plots-for-trigonometrie05.tex/plot-31.pdf  used o
n input line 988.
(pdftex.def)             Requested size: 326.63266pt x 243.66895pt.
<sage-plots-for-trigonometrie05.tex/plot-32.pdf, id=579, 454.33769pt x 339.2593
5pt>
File: sage-plots-for-trigonometrie05.tex/plot-32.pdf Graphic file (type pdf)
<use sage-plots-for-trigonometrie05.tex/plot-32.pdf>
Package pdftex.def Info: sage-plots-for-trigonometrie05.tex/plot-32.pdf  used o
n input line 989.
(pdftex.def)             Requested size: 326.63266pt x 243.90935pt.

[53 <./sage-plots-for-trigonometrie05.tex/plot-29.pdf> <./sage-plots-for-trigon
ometrie05.tex/plot-30.pdf>] [54 <./sage-plots-for-trigonometrie05.tex/plot-31.p
df> <./sage-plots-for-trigonometrie05.tex/plot-32.pdf>] [55]
<sage-plots-for-trigonometrie05.tex/plot-33.pdf, id=644, 454.23924pt x 338.8530
4pt>
File: sage-plots-for-trigonometrie05.tex/plot-33.pdf Graphic file (type pdf)
<use sage-plots-for-trigonometrie05.tex/plot-33.pdf>
Package pdftex.def Info: sage-plots-for-trigonometrie05.tex/plot-33.pdf  used o
n input line 1032.
(pdftex.def)             Requested size: 163.31633pt x 121.8267pt.
<sage-plots-for-trigonometrie05.tex/plot-34.pdf, id=645, 454.33769pt x 339.2593
5pt>
File: sage-plots-for-trigonometrie05.tex/plot-34.pdf Graphic file (type pdf)
<use sage-plots-for-trigonometrie05.tex/plot-34.pdf>
Package pdftex.def Info: sage-plots-for-trigonometrie05.tex/plot-34.pdf  used o
n input line 1034.
(pdftex.def)             Requested size: 163.31633pt x 121.95209pt.
 [56]
<sage-plots-for-trigonometrie05.tex/plot-35.pdf, id=649, 454.33769pt x 338.3728
6pt>
File: sage-plots-for-trigonometrie05.tex/plot-35.pdf Graphic file (type pdf)
<use sage-plots-for-trigonometrie05.tex/plot-35.pdf>
Package pdftex.def Info: sage-plots-for-trigonometrie05.tex/plot-35.pdf  used o
n input line 1037.
(pdftex.def)             Requested size: 163.31633pt x 121.63342pt.
<sage-plots-for-trigonometrie05.tex/plot-36.pdf, id=650, 454.33769pt x 338.3728
6pt>
File: sage-plots-for-trigonometrie05.tex/plot-36.pdf Graphic file (type pdf)
<use sage-plots-for-trigonometrie05.tex/plot-36.pdf>
Package pdftex.def Info: sage-plots-for-trigonometrie05.tex/plot-36.pdf  used o
n input line 1038.
(pdftex.def)             Requested size: 163.31633pt x 121.63342pt.
<sage-plots-for-trigonometrie05.tex/plot-37.pdf, id=651, 454.50427pt x 339.6689
9pt>
File: sage-plots-for-trigonometrie05.tex/plot-37.pdf Graphic file (type pdf)
<use sage-plots-for-trigonometrie05.tex/plot-37.pdf>
Package pdftex.def Info: sage-plots-for-trigonometrie05.tex/plot-37.pdf  used o
n input line 1039.
(pdftex.def)             Requested size: 163.31633pt x 122.05269pt.
 [57 <./sage-plots-for-trigonometrie05.tex/plot-33.pdf> <./sage-plots-for-trigo
nometrie05.tex/plot-34.pdf> <./sage-plots-for-trigonometrie05.tex/plot-35.pdf> 
<./sage-plots-for-trigonometrie05.tex/plot-36.pdf> <./sage-plots-for-trigonomet
rie05.tex/plot-37.pdf>]
<sage-plots-for-trigonometrie05.tex/plot-38.pdf, id=721, 455.30101pt x 338.8364
4pt>
File: sage-plots-for-trigonometrie05.tex/plot-38.pdf Graphic file (type pdf)
<use sage-plots-for-trigonometrie05.tex/plot-38.pdf>
Package pdftex.def Info: sage-plots-for-trigonometrie05.tex/plot-38.pdf  used o
n input line 1057.
(pdftex.def)             Requested size: 326.63266pt x 243.08829pt.
<sage-plots-for-trigonometrie05.tex/plot-39.pdf, id=722, 455.30101pt x 338.2766
4pt>
File: sage-plots-for-trigonometrie05.tex/plot-39.pdf Graphic file (type pdf)
<use sage-plots-for-trigonometrie05.tex/plot-39.pdf>
Package pdftex.def Info: sage-plots-for-trigonometrie05.tex/plot-39.pdf  used o
n input line 1058.
(pdftex.def)             Requested size: 326.63266pt x 242.68668pt.
 [58 <./sage-plots-for-trigonometrie05.tex/plot-38.pdf> <./sage-plots-for-trigo
nometrie05.tex/plot-39.pdf>] [59]
<sage-plots-for-trigonometrie05.tex/plot-40.pdf, id=753, 455.30101pt x 339.6689
9pt>
File: sage-plots-for-trigonometrie05.tex/plot-40.pdf Graphic file (type pdf)
<use sage-plots-for-trigonometrie05.tex/plot-40.pdf>
Package pdftex.def Info: sage-plots-for-trigonometrie05.tex/plot-40.pdf  used o
n input line 1091.
(pdftex.def)             Requested size: 244.98071pt x 182.76028pt.
<sage-plots-for-trigonometrie05.tex/plot-41.pdf, id=754, 455.30101pt x 339.6689
9pt>
File: sage-plots-for-trigonometrie05.tex/plot-41.pdf Graphic file (type pdf)
<use sage-plots-for-trigonometrie05.tex/plot-41.pdf>
Package pdftex.def Info: sage-plots-for-trigonometrie05.tex/plot-41.pdf  used o
n input line 1093.
(pdftex.def)             Requested size: 244.98071pt x 182.76028pt.
 [60]
*********************************************************************
[61 <./sage-plots-for-trigonometrie05.tex/plot-40.pdf> <./sage-plots-for-trigon
ometrie05.tex/plot-41.pdf>] [62] (./trigonometrie05.aux)
 ***********
LaTeX2e <2023-11-01> patch level 1
L3 programming layer <2024-03-14>
 ***********


LaTeX Font Warning: Size substitutions with differences
(Font)              up to 18.11pt have occurred.


LaTeX Font Warning: Some font shapes were not available, defaults substituted.

 ) 
Here is how much of TeX's memory you used:
 9763 strings out of 474104
 166220 string characters out of 5743468
 1937493 words of memory out of 5000000
 31949 multiletter control sequences out of 15000+600000
 583293 words of font info for 115 fonts, out of 8000000 for 9000
 1141 hyphenation exceptions out of 8191
 57i,11n,65p,490b,428s stack positions out of 10000i,1000n,20000p,200000b,200000s
</usr/local/texlive/2024/texmf-dist/fonts/type1/public/amsfonts/cm/cmex10.pfb
></usr/local/texlive/2024/texmf-dist/fonts/type1/public/amsfonts/cm/cmsy10.pfb>
</usr/local/texlive/2024/texmf-dist/fonts/type1/public/amsfonts/euler/euex10.pf
b></usr/local/texlive/2024/texmf-dist/fonts/type1/public/amsfonts/euler/eufm10.
pfb></usr/local/texlive/2024/texmf-dist/fonts/type1/public/amsfonts/euler/eurm1
0.pfb></usr/local/texlive/2024/texmf-dist/fonts/type1/public/amsfonts/euler/eus
m10.pfb></usr/local/texlive/2024/texmf-dist/fonts/type1/public/amsfonts/symbols
/msam10.pfb></usr/local/texlive/2024/texmf-dist/fonts/type1/public/amsfonts/sym
bols/msbm10.pfb></usr/local/texlive/2024/texmf-dist/fonts/type1/public/cm-super
/sform10.pfb></usr/local/texlive/2024/texmf-dist/fonts/type1/public/cm-super/sf
oti10.pfb></usr/local/texlive/2024/texmf-dist/fonts/type1/public/cm-super/sftt1
728.pfb>
Output written on trigonometrie05.pdf (69 pages, 382599 bytes).
PDF statistics:
 833 PDF objects out of 1000 (max. 8388607)
 398 compressed objects within 4 object streams
 0 named destinations out of 1000 (max. 500000)
 211 words of extra memory for PDF output out of 10000 (max. 10000000)

