This is LuaHBTeX, Version 1.22.0 (TeX Live 2026/dev/Arch Linux)  (format=lualatex 2025.8.20)  20 AUG 2025 21:30
 restricted system commands enabled.
**trigonometrie06.tex
(./trigonometrie06.tex
LaTeX2e <2024-11-01> patch level 2
L3 programming layer <2025-01-18>
Lua module: luaotfload 2024-12-03 v3.29 Lua based OpenType font support
Lua module: lualibs 2023-07-13 v2.76 ConTeXt Lua standard libraries.
Lua module: lualibs-extended 2023-07-13 v2.76 ConTeXt Lua libraries -- extended 
collection.
luaotfload | conf : Root cache directory is "/home/euclide/.texlive/texmf-var/lu
atex-cache/generic/names".
luaotfload | init : Loading fontloader "fontloader-2023-12-28.lua" from kpse-res
olved path "/usr/share/texmf-dist/tex/luatex/luaotfload/fontloader-2023-12-28.lu
a".
Lua-only attribute luaotfload@noligature = 1
luaotfload | init : Context OpenType loader version 3.134
Inserting `luaotfload.node_processor' in `pre_linebreak_filter'.
Inserting `luaotfload.node_processor' in `hpack_filter'.
Inserting `luaotfload.glyph_stream' in `glyph_stream_provider'.
Inserting `luaotfload.define_font' in `define_font'.
Lua-only attribute luaotfload_color_attribute = 2
luaotfload | conf : Root cache directory is "/home/euclide/.texlive/texmf-var/lu
atex-cache/generic/names".
Inserting `luaotfload.harf.strip_prefix' in `find_opentype_file'.
Inserting `luaotfload.harf.strip_prefix' in `find_truetype_file'.
Removing  `luaotfload.glyph_stream' from `glyph_stream_provider'.
Inserting `luaotfload.harf.glyphstream' in `glyph_stream_provider'.
Inserting `luaotfload.harf.finalize_vlist' in `post_linebreak_filter'.
Inserting `luaotfload.harf.finalize_hlist' in `hpack_filter'.
Inserting `luaotfload.cleanup_files' in `wrapup_run'.
Inserting `luaotfload.harf.finalize_unicode' in `finish_pdffile'.
Inserting `luaotfload.glyphinfo' in `glyph_info'.
Lua-only attribute luaotfload.letterspace_done = 3
Inserting `luaotfload.aux.set_sscale_dimens' in `luaotfload.patch_font'.
Inserting `luaotfload.aux.set_font_index' in `luaotfload.patch_font'.
Inserting `luaotfload.aux.patch_cambria_domh' in `luaotfload.patch_font'.
Inserting `luaotfload.aux.fixup_fontdata' in `luaotfload.patch_font_unsafe'.
Inserting `luaotfload.aux.set_capheight' in `luaotfload.patch_font'.
Inserting `luaotfload.aux.set_xheight' in `luaotfload.patch_font'.
Inserting `luaotfload.rewrite_fontname' in `luaotfload.patch_font'.
Inserting `tracingstacklevels' in `input_level_string'. (/usr/share/texmf-dist/
tex/latex/base/report.cls
Document Class: report 2024/06/29 v1.4n Standard LaTeX document class
(/usr/share/texmf-dist/tex/latex/base/size12.clo
File: size12.clo 2024/06/29 v1.4n Standard LaTeX file (size option)
luaotfload | db : Font names database loaded from /home/euclide/.texlive/texmf-v
ar/luatex-cache/generic/names/luaotfload-names.luc.gz)
\c@part=\count194
\c@chapter=\count195
\c@section=\count196
\c@subsection=\count197
\c@subsubsection=\count198
\c@paragraph=\count199
\c@subparagraph=\count266
\c@figure=\count267
\c@table=\count268
\abovecaptionskip=\skip49
\belowcaptionskip=\skip50
\bibindent=\dimen140
)
(/usr/share/texmf-dist/tex/generic/babel/babel.sty
Package: babel 2025/02/14 v25.4 The multilingual framework for pdfLaTeX, LuaLaT
eX and XeLaTeX

(/usr/share/texmf-dist/tex/generic/babel/luababel.def
\bbl@readstream=\read2
\l@dumylang=\language2
Package babel Info: Non-standard hyphenation setup on input line 118.
\l@nohyphenation=\language3
\l@arabic=\language4
\l@farsi=\language5
\l@pinyin=\language6
\l@belarusian=\language7
\l@bulgarian=\language8
\l@churchslavonic=\language9
\l@mongolian=\language10
\l@mongolianlmc=\language11
\l@russian=\language12
\l@serbian=\language13
\l@serbianc=\language14
\l@ukrainian=\language15
\l@czech=\language16
\l@slovak=\language17
\l@ukenglish=\language18
\l@usenglishmax=\language19
\l@albanian=\language20
\l@croatian=\language21
\l@danish=\language22
\l@dutch=\language23
\l@estonian=\language24
\l@finnish=\language25
\l@schoolfinnish=\language26
\l@friulan=\language27
\l@hungarian=\language28
\l@icelandic=\language29
\l@irish=\language30
\l@kurmanji=\language31
\l@classiclatin=\language32
\l@latin=\language33
\l@liturgicallatin=\language34
\l@latvian=\language35
\l@lithuanian=\language36
\l@macedonian=\language37
\l@bokmal=\language38
\l@nynorsk=\language39
\l@occitan=\language40
\l@piedmontese=\language41
\l@romanian=\language42
\l@romansh=\language43
\l@slovenian=\language44
\l@swedish=\language45
\l@turkish=\language46
\l@uppersorbian=\language47
\l@welsh=\language48
\l@basque=\language49
\l@french=\language50
\l@german-x-2024-02-28=\language51
\l@ngerman-x-2024-02-28=\language52
\l@german=\language53
\l@ngerman=\language54
\l@swissgerman=\language55
\l@ancientgreek=\language56
\l@ibycus=\language57
\l@greek=\language58
\l@monogreek=\language59
\l@italian=\language60
\l@afrikaans=\language61
\l@armenian=\language62
\l@coptic=\language63
\l@esperanto=\language64
\l@ethiopic=\language65
\l@georgian=\language66
\l@hebrew=\language67
\l@assamese=\language68
\l@bengali=\language69
\l@gujarati=\language70
\l@hindi=\language71
\l@kannada=\language72
\l@malayalam=\language73
\l@marathi=\language74
\l@oriya=\language75
\l@pali=\language76
\l@panjabi=\language77
\l@tamil=\language78
\l@telugu=\language79
\l@indonesian=\language80
\l@interlingua=\language81
\l@sanskrit=\language82
\l@thai=\language83
\l@turkmen=\language84
\l@vietnamese=\language85
\l@polish=\language86
\l@portuguese=\language87
\l@catalan=\language88
\l@galician=\language89
\l@spanish=\language90
\babelcatcodetablenum=\catcodetable14
\bbl@pattcodes=\catcodetable15
)
\babel@savecnt=\count269
\U@D=\dimen141
\l@unhyphenated=\language91

(/usr/share/texmf-dist/tex/generic/babel/luababel.def
\bbl@attr@locale=\attribute4
)
(/usr/share/texmf-dist/tex/generic/babel-french/french.ldf
Language: french 2024-07-25 v3.6c French support from the babel system
Package babel Info: Hyphen rules for 'acadian' set to \l@french
(babel)             (\language50). Reported on input line 91.
Package babel Info: Hyphen rules for 'canadien' set to \l@french
(babel)             (\language50). Reported on input line 92.
\FB@stdchar=\count270
\FB@spacing=\attribute5
\FB@addDPspace=\attribute6
\FB@addGUILspace=\attribute7
\FB@ucsNBSP=\attribute8
\FB@dialect=\attribute9
Package french.ldf Info: No need for active punctuation characters
(french.ldf)             with this version of LuaTeX!
(french.ldf)             reported on input line 250.
\FBguill@level=\count271
\FBold@everypar=\toks17
\FB@Mht=\dimen142
\mc@charclass=\count272
\mc@charfam=\count273
\mc@charslot=\count274
\std@mcc=\count275
\dec@mcc=\count276
Inserting `frenchb.french_punctuation' in `kerning'.
\FB@parskip=\dimen143
\listindentFB=\dimen144
\descindentFB=\dimen145
\labelindentFB=\dimen146
\labelwidthFB=\dimen147
\leftmarginFB=\dimen148
\parindentFFN=\dimen149
\FBfnindent=\dimen150

(/usr/share/texmf-dist/tex/generic/hyph-utf8/loadhyph/loadhyph-fr.tex
UTF-8 French hyphenation patterns
(/usr/share/texmf-dist/tex/generic/hyph-utf8/patterns/tex/hyph-fr.tex)
(/usr/share/texmf-dist/tex/generic/hyph-utf8/patterns/quote/hyph-quote-fr.tex)))
) (/usr/share/texmf-dist/tex/generic/babel/locale/fr/babel-french.tex
Package babel Info: Importing font and identification data for french
(babel)             from babel-fr.ini. Reported on input line 11.
)
(/usr/share/texmf-dist/tex/latex/carlisle/scalefnt.sty)
(/usr/share/texmf-dist/tex/latex/base/fontenc.sty
Package: fontenc 2021/04/29 v2.0v Standard LaTeX package
LaTeX Font Info:    Trying to load font information for T1+lmr on input line 11
6.

(/usr/share/texmf-dist/tex/latex/lm/t1lmr.fd
File: t1lmr.fd 2015/05/01 v1.6.1 Font defs for Latin Modern
))
(/usr/share/texmf-dist/tex/latex/base/inputenc.sty
Package: inputenc 2024/02/08 v1.3d Input encoding file
\inpenc@prehook=\toks18
\inpenc@posthook=\toks19


Package inputenc Warning: inputenc package ignored with utf8 based engines.

) (/usr/share/texmf-dist/tex/latex/amsmath/amsmath.sty
Package: amsmath 2024/11/05 v2.17t AMS math features
\@mathmargin=\skip51

For additional information on amsmath, use the `?' option.
(/usr/share/texmf-dist/tex/latex/amsmath/amstext.sty
Package: amstext 2021/08/26 v2.01 AMS text

(/usr/share/texmf-dist/tex/latex/amsmath/amsgen.sty
File: amsgen.sty 1999/11/30 v2.0 generic functions
\@emptytoks=\toks20
\ex@=\dimen151
))
(/usr/share/texmf-dist/tex/latex/amsmath/amsbsy.sty
Package: amsbsy 1999/11/29 v1.2d Bold Symbols
\pmbraise@=\dimen152
)
(/usr/share/texmf-dist/tex/latex/amsmath/amsopn.sty
Package: amsopn 2022/04/08 v2.04 operator names
)
\inf@bad=\count277
LaTeX Info: Redefining \frac on input line 235.
\uproot@=\count278
\leftroot@=\count279
LaTeX Info: Redefining \overline on input line 398.
LaTeX Info: Redefining \colon on input line 409.
\classnum@=\count280
\DOTSCASE@=\count281
LaTeX Info: Redefining \ldots on input line 495.
LaTeX Info: Redefining \dots on input line 498.
LaTeX Info: Redefining \cdots on input line 619.
\Mathstrutbox@=\box52
\strutbox@=\box53
LaTeX Info: Redefining \big on input line 721.
LaTeX Info: Redefining \Big on input line 722.
LaTeX Info: Redefining \bigg on input line 723.
LaTeX Info: Redefining \Bigg on input line 724.
\big@size=\dimen153
LaTeX Font Info:    Redeclaring font encoding OML on input line 742.
LaTeX Font Info:    Redeclaring font encoding OMS on input line 743.
\macc@depth=\count282
LaTeX Info: Redefining \bmod on input line 904.
LaTeX Info: Redefining \pmod on input line 909.
LaTeX Info: Redefining \smash on input line 939.
LaTeX Info: Redefining \relbar on input line 969.
LaTeX Info: Redefining \Relbar on input line 970.
\c@MaxMatrixCols=\count283
\dotsspace@=\muskip17
\c@parentequation=\count284
\dspbrk@lvl=\count285
\tag@help=\toks21
\row@=\count286
\column@=\count287
\maxfields@=\count288
\andhelp@=\toks22
\eqnshift@=\dimen154
\alignsep@=\dimen155
\tagshift@=\dimen156
\tagwidth@=\dimen157
\totwidth@=\dimen158
\lineht@=\dimen159
\@envbody=\toks23
\multlinegap=\skip52
\multlinetaggap=\skip53
\mathdisplay@stack=\toks24
LaTeX Info: Redefining \[ on input line 2953.
LaTeX Info: Redefining \] on input line 2954.
)
(/usr/share/texmf-dist/tex/latex/amscls/amsthm.sty
Package: amsthm 2020/05/29 v2.20.6
\thm@style=\toks25
\thm@bodyfont=\toks26
\thm@headfont=\toks27
\thm@notefont=\toks28
\thm@headpunct=\toks29
\thm@preskip=\skip54
\thm@postskip=\skip55
\thm@headsep=\skip56
\dth@everypar=\toks30
)
(/usr/share/texmf-dist/tex/latex/amsfonts/amssymb.sty
Package: amssymb 2013/01/14 v3.01 AMS font symbols

(/usr/share/texmf-dist/tex/latex/amsfonts/amsfonts.sty
Package: amsfonts 2013/01/14 v3.01 Basic AMSFonts support
\symAMSa=\mathgroup4
\symAMSb=\mathgroup5
LaTeX Font Info:    Redeclaring math symbol \hbar on input line 98.
LaTeX Font Info:    Overwriting math alphabet `\mathfrak' in version `bold'
(Font)                  U/euf/m/n --> U/euf/b/n on input line 106.
))
(/usr/share/texmf-dist/tex/latex/url/url.sty
\Urlmuskip=\muskip18
Package: url 2013/09/16  ver 3.4  Verb mode for urls, etc.
)
(/usr/share/texmf-dist/tex/latex/tools/xspace.sty
Package: xspace 2014/10/28 v1.13 Space after command names (DPC,MH)
)
(/usr/share/texmf-dist/tex/latex/mathtools/mathtools.sty
Package: mathtools 2024/10/04 v1.31 mathematical typesetting tools

(/usr/share/texmf-dist/tex/latex/graphics/keyval.sty
Package: keyval 2022/05/29 v1.15 key=value parser (DPC)
\KV@toks@=\toks31
)
(/usr/share/texmf-dist/tex/latex/tools/calc.sty
Package: calc 2023/07/08 v4.3 Infix arithmetic (KKT,FJ)
\calc@Acount=\count289
\calc@Bcount=\count290
\calc@Adimen=\dimen160
\calc@Bdimen=\dimen161
\calc@Askip=\skip57
\calc@Bskip=\skip58
LaTeX Info: Redefining \setlength on input line 80.
LaTeX Info: Redefining \addtolength on input line 81.
\calc@Ccount=\count291
\calc@Cskip=\skip59
)
(/usr/share/texmf-dist/tex/latex/mathtools/mhsetup.sty
Package: mhsetup 2021/03/18 v1.4 programming setup (MH)
)
\g_MT_multlinerow_int=\count292
\l_MT_multwidth_dim=\dimen162
\origjot=\skip60
\l_MT_shortvdotswithinadjustabove_dim=\dimen163
\l_MT_shortvdotswithinadjustbelow_dim=\dimen164
\l_MT_above_intertext_sep=\dimen165
\l_MT_below_intertext_sep=\dimen166
\l_MT_above_shortintertext_sep=\dimen167
\l_MT_below_shortintertext_sep=\dimen168
\xmathstrut@box=\box54
\xmathstrut@dim=\dimen169
)
(/usr/share/texmf-dist/tex/latex/amsfonts/eucal.sty
Package: eucal 2009/06/22 v3.00 Euler Script fonts
LaTeX Font Info:    Overwriting math alphabet `\EuScript' in version `bold'
(Font)                  U/eus/m/n --> U/eus/b/n on input line 33.
)
(/usr/share/texmf-dist/tex/latex/diagbox/diagbox.sty
Package: diagbox 2020/02/09 v2.3 Making table heads with diagonal lines

(/usr/share/texmf-dist/tex/latex/pict2e/pict2e.sty
Package: pict2e 2020/09/30 v0.4b Improved picture commands (HjG,RN,JT)

(/usr/share/texmf-dist/tex/latex/pict2e/pict2e.cfg
File: pict2e.cfg 2016/02/05 v0.1u pict2e configuration for teTeX/TeXLive
)
Package pict2e Info: Driver file: luatex.def on input line 112.

(/usr/share/texmf-dist/tex/latex/graphics-def/luatex.def
File: luatex.def 2024/04/13 v1.2e Graphics/color driver for luatex
)
Package pict2e Info: Driver file for pict2e: p2e-luatex.def on input line 114.

(/usr/share/texmf-dist/tex/latex/pict2e/p2e-luatex.def
File: p2e-luatex.def 2016/02/05 v0.1u Driver-dependant file (RN,HjG,JT)
)
(/usr/share/texmf-dist/tex/latex/graphics/trig.sty
Package: trig 2023/12/02 v1.11 sin cos tan (DPC)
)
\pIIe@GRAPH=\toks32
\@arclen=\dimen170
\@arcrad=\dimen171
\pIIe@tempdima=\dimen172
\pIIe@tempdimb=\dimen173
\pIIe@tempdimc=\dimen174
\pIIe@tempdimd=\dimen175
\pIIe@tempdime=\dimen176
\pIIe@tempdimf=\dimen177
)
(/usr/share/texmf-dist/tex/latex/tools/array.sty
Package: array 2024/10/17 v2.6g Tabular extension package (FMi)
\col@sep=\dimen178
\ar@mcellbox=\box55
\extrarowheight=\dimen179
\NC@list=\toks33
\extratabsurround=\skip61
\backup@length=\skip62
\ar@cellbox=\box56
)
\diagbox@boxa=\box57
\diagbox@boxb=\box58
\diagbox@boxm=\box59
\diagbox@wd=\dimen180
\diagbox@ht=\dimen181
\diagbox@insepl=\dimen182
\diagbox@insepr=\dimen183
\diagbox@outsepl=\dimen184
\diagbox@outsepr=\dimen185
)
(/usr/share/texmf-dist/tex/latex/fancybox/fancybox.sty
Package: fancybox 2010/05/15 1.4

Style option: `fancybox' v1.4 <2010/05/15> (tvz)
\@fancybox=\box60
\shadowsize=\dimen186
\@Sbox=\box61
\do@VerbBox=\toks34
\the@fancyput=\toks35
\this@fancyput=\toks36
\EndVerbatimTokens=\toks37
\Verbatim@Outfile=\write3
\Verbatim@Infile=\read3
) (/usr/share/texmf-dist/tex/latex/xcolor/xcolor.sty
Package: xcolor 2024/09/29 v3.02 LaTeX color extensions (UK)

(/usr/share/texmf-dist/tex/latex/graphics-cfg/color.cfg
File: color.cfg 2016/01/02 v1.6 sample color configuration
)
Package xcolor Info: Driver file: luatex.def on input line 274.

(/usr/share/texmf-dist/tex/latex/graphics/mathcolor.ltx)
Package xcolor Info: Model `cmy' substituted by `cmy0' on input line 1349.
Package xcolor Info: Model `hsb' substituted by `rgb' on input line 1353.
Package xcolor Info: Model `RGB' extended on input line 1365.
Package xcolor Info: Model `HTML' substituted by `rgb' on input line 1367.
Package xcolor Info: Model `Hsb' substituted by `hsb' on input line 1368.
Package xcolor Info: Model `tHsb' substituted by `hsb' on input line 1369.
Package xcolor Info: Model `HSB' substituted by `hsb' on input line 1370.
Package xcolor Info: Model `Gray' substituted by `gray' on input line 1371.
Package xcolor Info: Model `wave' substituted by `hsb' on input line 1372.
)
\c@definition=\count293
\c@theoreme=\count294
\c@proposition=\count295
\c@lemme=\count296
\c@corollaire=\count297
\c@propriete=\count298
\c@axiome=\count299

(/usr/share/texmf-dist/tex/latex/geometry/geometry.sty
Package: geometry 2020/01/02 v5.9 Page Geometry

(/usr/share/texmf-dist/tex/generic/iftex/ifvtex.sty
Package: ifvtex 2019/10/25 v1.7 ifvtex legacy package. Use iftex instead.

(/usr/share/texmf-dist/tex/generic/iftex/iftex.sty
Package: iftex 2024/12/12 v1.0g TeX engine tests
))
\Gm@cnth=\count300
\Gm@cntv=\count301
\c@Gm@tempcnt=\count302
\Gm@bindingoffset=\dimen187
\Gm@wd@mp=\dimen188
\Gm@odd@mp=\dimen189
\Gm@even@mp=\dimen190
\Gm@layoutwidth=\dimen191
\Gm@layoutheight=\dimen192
\Gm@layouthoffset=\dimen193
\Gm@layoutvoffset=\dimen194
\Gm@dimlist=\toks38
)
(/usr/share/texmf-dist/tex/latex/graphics/graphicx.sty
Package: graphicx 2021/09/16 v1.2d Enhanced LaTeX Graphics (DPC,SPQR)

(/usr/share/texmf-dist/tex/latex/graphics/graphics.sty
Package: graphics 2024/08/06 v1.4g Standard LaTeX Graphics (DPC,SPQR)

(/usr/share/texmf-dist/tex/latex/graphics-cfg/graphics.cfg
File: graphics.cfg 2016/06/04 v1.11 sample graphics configuration
)
Package graphics Info: Driver file: luatex.def on input line 106.
)
\Gin@req@height=\dimen195
\Gin@req@width=\dimen196
)
(/usr/share/texmf-dist/tex/latex/shorttoc/shorttoc.sty
Package: shorttoc 2002/08/20 v1.3 Short table of contents (JPFD)
)
(/usr/share/texmf-dist/tex/latex/cmbright/cmbright.sty
Package: cmbright 2005/04/13 v8.1 (WaS)
LaTeX Font Info:    Redeclaring symbol font `operators' on input line 29.
LaTeX Font Info:    Overwriting symbol font `operators' in version `normal'
(Font)                  OT1/cmr/m/n --> OT1/cmbr/m/n on input line 29.
LaTeX Font Info:    Overwriting symbol font `operators' in version `bold'
(Font)                  OT1/cmr/bx/n --> OT1/cmbr/m/n on input line 29.
LaTeX Font Info:    Redeclaring symbol font `letters' on input line 30.
LaTeX Font Info:    Overwriting symbol font `letters' in version `normal'
(Font)                  OML/cmm/m/it --> OML/cmbrm/m/it on input line 30.
LaTeX Font Info:    Overwriting symbol font `letters' in version `bold'
(Font)                  OML/cmm/b/it --> OML/cmbrm/m/it on input line 30.
LaTeX Font Info:    Overwriting symbol font `letters' in version `bold'
(Font)                  OML/cmbrm/m/it --> OML/cmbrm/b/it on input line 31.
LaTeX Font Info:    Redeclaring symbol font `symbols' on input line 32.
LaTeX Font Info:    Overwriting symbol font `symbols' in version `normal'
(Font)                  OMS/cmsy/m/n --> OMS/cmbrs/m/n on input line 32.
LaTeX Font Info:    Overwriting symbol font `symbols' in version `bold'
(Font)                  OMS/cmsy/b/n --> OMS/cmbrs/m/n on input line 32.
LaTeX Font Info:    Redeclaring math alphabet \mathit on input line 33.
LaTeX Font Info:    Overwriting math alphabet `\mathit' in version `normal'
(Font)                  OT1/cmr/m/it --> OT1/cmbr/m/sl on input line 33.
LaTeX Font Info:    Overwriting math alphabet `\mathit' in version `bold'
(Font)                  OT1/cmr/bx/it --> OT1/cmbr/m/sl on input line 33.
LaTeX Font Info:    Redeclaring math alphabet \mathbf on input line 34.
LaTeX Font Info:    Overwriting math alphabet `\mathbf' in version `normal'
(Font)                  OT1/cmr/bx/n --> OT1/cmbr/bx/n on input line 34.
LaTeX Font Info:    Overwriting math alphabet `\mathbf' in version `bold'
(Font)                  OT1/cmr/bx/n --> OT1/cmbr/bx/n on input line 34.
LaTeX Font Info:    Redeclaring math alphabet \mathtt on input line 35.
LaTeX Font Info:    Overwriting math alphabet `\mathtt' in version `normal'
(Font)                  OT1/cmtt/m/n --> OT1/cmtl/m/n on input line 35.
LaTeX Font Info:    Overwriting math alphabet `\mathtt' in version `bold'
(Font)                  OT1/cmtt/m/n --> OT1/cmtl/m/n on input line 35.
LaTeX Font Info:    Redeclaring math symbol \alpha on input line 37.
LaTeX Font Info:    Redeclaring math symbol \beta on input line 38.
LaTeX Font Info:    Redeclaring math symbol \gamma on input line 39.
LaTeX Font Info:    Redeclaring math symbol \delta on input line 40.
LaTeX Font Info:    Redeclaring math symbol \epsilon on input line 41.
LaTeX Font Info:    Redeclaring math symbol \zeta on input line 42.
LaTeX Font Info:    Redeclaring math symbol \eta on input line 43.
LaTeX Font Info:    Redeclaring math symbol \theta on input line 44.
LaTeX Font Info:    Redeclaring math symbol \iota on input line 45.
LaTeX Font Info:    Redeclaring math symbol \kappa on input line 46.
LaTeX Font Info:    Redeclaring math symbol \lambda on input line 47.
LaTeX Font Info:    Redeclaring math symbol \mu on input line 48.
LaTeX Font Info:    Redeclaring math symbol \nu on input line 49.
LaTeX Font Info:    Redeclaring math symbol \xi on input line 50.
LaTeX Font Info:    Redeclaring math symbol \pi on input line 51.
LaTeX Font Info:    Redeclaring math symbol \rho on input line 52.
LaTeX Font Info:    Redeclaring math symbol \sigma on input line 53.
LaTeX Font Info:    Redeclaring math symbol \tau on input line 54.
LaTeX Font Info:    Redeclaring math symbol \upsilon on input line 55.
LaTeX Font Info:    Redeclaring math symbol \phi on input line 56.
LaTeX Font Info:    Redeclaring math symbol \chi on input line 57.
LaTeX Font Info:    Redeclaring math symbol \psi on input line 58.
LaTeX Font Info:    Redeclaring math symbol \omega on input line 59.
LaTeX Font Info:    Redeclaring math symbol \varepsilon on input line 60.
LaTeX Font Info:    Redeclaring math symbol \vartheta on input line 61.
LaTeX Font Info:    Redeclaring math symbol \varpi on input line 62.
LaTeX Font Info:    Redeclaring math symbol \varrho on input line 63.
LaTeX Font Info:    Redeclaring math symbol \varsigma on input line 64.
LaTeX Font Info:    Redeclaring math symbol \varphi on input line 65.
LaTeX Info: Redefining \LaTeX on input line 129.
LaTeX Info: Redefining \LaTeXe on input line 139.
LaTeX Font Info:    Trying to load font information for T1+cmbr on input line 1
44.

(/usr/share/texmf-dist/tex/latex/cmbright/t1cmbr.fd
File: t1cmbr.fd 2005/04/13 v8.1 (WaS)
))
(/usr/share/texmf/tex/latex/sagetex/sagetex.sty
Package: sagetex 2022/08/21 v3.6.1 embedding Sage into LaTeX documents

(/usr/share/texmf-dist/tex/latex/tools/verbatim.sty
Package: verbatim 2024-01-22 v1.5x LaTeX2e package for verbatim enhancements
\every@verbatim=\toks39
\verbatim@line=\toks40
\verbatim@in@stream=\read4
)
(/usr/share/texmf-dist/tex/latex/fancyvrb/fancyvrb.sty
Package: fancyvrb 2024/01/20 4.5c verbatim text (tvz,hv)
\FV@CodeLineNo=\count303
\FV@InFile=\read5
\FV@TabBox=\box62
\c@FancyVerbLine=\count304
\FV@StepNumber=\count305
\FV@OutFile=\write4
LaTeX Info: Redefining \UseVerb on input line 1229.
)
(/usr/share/texmf-dist/tex/latex/listings/listings.sty
\lst@mode=\count306
\lst@gtempboxa=\box63
\lst@token=\toks41
\lst@length=\count307
\lst@currlwidth=\dimen197
\lst@column=\count308
\lst@pos=\count309
\lst@lostspace=\dimen198
\lst@width=\dimen199
\lst@newlines=\count310
\lst@lineno=\count311
\lst@maxwidth=\dimen256

(/usr/share/texmf-dist/tex/latex/listings/lstpatch.sty
File: lstpatch.sty 2024/09/23 1.10c (Carsten Heinz)
)
(/usr/share/texmf-dist/tex/latex/listings/lstmisc.sty
File: lstmisc.sty 2024/09/23 1.10c (Carsten Heinz)
\c@lstnumber=\count312
\lst@skipnumbers=\count313
\lst@framebox=\box64
)
(/usr/share/texmf-dist/tex/latex/listings/listings.cfg
File: listings.cfg 2024/09/23 1.10c listings configuration
))
Package: listings 2024/09/23 1.10c (Carsten Heinz)

(/usr/share/texmf-dist/tex/latex/makecmds/makecmds.sty
Package: makecmds 2009/09/03 v1.0a extra command making commands
)
(/usr/share/texmf-dist/tex/generic/iftex/ifpdf.sty
Package: ifpdf 2019/10/25 v3.4 ifpdf legacy package. Use iftex instead.
)
(/usr/share/texmf-dist/tex/latex/base/ifthen.sty
Package: ifthen 2024/03/16 v1.1e Standard LaTeX ifthen package (DPC)
)
(/usr/share/texmf-dist/tex/generic/iftex/ifxetex.sty
Package: ifxetex 2019/10/25 v0.7 ifxetex legacy package. Use iftex instead.
)
\c@ST@inline=\count314
\c@ST@plot=\count315
\c@ST@cmdline=\count316
\sagetexindent=\skip63

(./trigonometrie06.sagetex.sout)
\sagecommandlineskip=\skip64
)
(/usr/share/texmf-dist/tex/latex/l3backend/l3backend-luatex.def
File: l3backend-luatex.def 2024-05-08 L3 backend support: PDF output (LuaTeX)
\l__color_backend_stack_int=\count317
Inserting `l3color' in `luaotfload.parse_color'.
\l__pdf_internal_box=\box65
)
(./trigonometrie06.aux)
\openout1 = trigonometrie06.aux

LaTeX Font Info:    Checking defaults for OML/cmm/m/it on input line 131.
LaTeX Font Info:    ... okay on input line 131.
LaTeX Font Info:    Checking defaults for OMS/cmsy/m/n on input line 131.
LaTeX Font Info:    ... okay on input line 131.
LaTeX Font Info:    Checking defaults for OT1/cmr/m/n on input line 131.
LaTeX Font Info:    ... okay on input line 131.
LaTeX Font Info:    Checking defaults for T1/cmr/m/n on input line 131.
LaTeX Font Info:    ... okay on input line 131.
LaTeX Font Info:    Checking defaults for TS1/cmr/m/n on input line 131.
LaTeX Font Info:    ... okay on input line 131.
LaTeX Font Info:    Checking defaults for TU/lmr/m/n on input line 131.
LaTeX Font Info:    ... okay on input line 131.
LaTeX Font Info:    Checking defaults for OMX/cmex/m/n on input line 131.
LaTeX Font Info:    ... okay on input line 131.
LaTeX Font Info:    Checking defaults for U/cmr/m/n on input line 131.
LaTeX Font Info:    ... okay on input line 131.
LaTeX Info: Redefining \degres on input line 131.
LaTeX Info: Redefining \up on input line 131.

(/usr/share/texmf-dist/tex/context/base/mkii/supp-pdf.mkii
[Loading MPS to PDF converter (version 2006.09.02).]
\scratchcounter=\count318
\scratchdimen=\dimen257
\scratchbox=\box66
\nofMPsegments=\count319
\nofMParguments=\count320
\everyMPshowfont=\toks42
\MPscratchCnt=\count321
\MPscratchDim=\dimen258
\MPnumerator=\count322
\makeMPintoPDFobject=\count323
\everyMPtoPDFconversion=\toks43
) (/usr/share/texmf-dist/tex/latex/epstopdf-pkg/epstopdf-base.sty
Package: epstopdf-base 2020-01-24 v2.11 Base part for package epstopdf
Package epstopdf-base Info: Redefining graphics rule for `.eps' on input line 4
85.

(/usr/share/texmf-dist/tex/latex/latexconfig/epstopdf-sys.cfg
File: epstopdf-sys.cfg 2010/07/13 v1.3 Configuration of (r)epstopdf for TeX Liv
e
))
*geometry* driver: auto-detecting
*geometry* detected driver: luatex
*geometry* verbose mode - [ preamble ] result:
* driver: luatex
* paper: a4paper
* layout: <same size as paper>
* layoutoffset:(h,v)=(0.0pt,0.0pt)
* modes: 
* h-part:(L,W,R)=(42.67912pt, 512.14963pt, 42.67912pt)
* v-part:(T,H,B)=(42.67912pt, 745.46222pt, 56.9055pt)
* \paperwidth=597.50787pt
* \paperheight=845.04684pt
* \textwidth=512.14963pt
* \textheight=745.46222pt
* \oddsidemargin=-29.59087pt
* \evensidemargin=-29.59087pt
* \topmargin=-29.59087pt
* \headheight=0.0pt
* \headsep=0.0pt
* \topskip=12.0pt
* \footskip=30.0pt
* \marginparwidth=35.0pt
* \marginparsep=10.0pt
* \columnsep=10.0pt
* \skip\footins=10.8pt plus 4.0pt minus 2.0pt
* \hoffset=0.0pt
* \voffset=0.0pt
* \mag=1000
* \@twocolumnfalse
* \@twosidefalse
* \@mparswitchfalse
* \@reversemarginfalse
* (1in=72.27pt=25.4mm, 1cm=28.453pt)

\c@lstlisting=\count324
\ST@sf=\write5

\openout5 = trigonometrie06.sagetex.sage
LaTeX Font Info:    Trying to load font information for OT1+cmbr on input line 
146.
(/usr/share/texmf-dist/tex/latex/cmbright/ot1cmbr.fd
File: ot1cmbr.fd 2005/04/13 v8.1 (WaS)
)
LaTeX Font Info:    Trying to load font information for OML+cmbrm on input line
 146.

(/usr/share/texmf-dist/tex/latex/cmbright/omlcmbrm.fd
File: omlcmbrm.fd 2005/04/13 v8.1 (WaS)
)
LaTeX Font Info:    Trying to load font information for OMS+cmbrs on input line
 146.

(/usr/share/texmf-dist/tex/latex/cmbright/omscmbrs.fd
File: omscmbrs.fd 2005/04/13 v8.1 (WaS)
)

[1

{/var/lib/texmf/fonts/map/pdftex/updmap/pdftex.map}]
LaTeX Font Info:    Font shape `T1/cmbr/b/n' in size <24.88> not available
(Font)              Font shape `T1/cmbr/bx/n' tried instead on input line 149.
 (./trigonometrie06.toc
LaTeX Font Info:    Font shape `T1/cmbr/b/n' in size <12> not available
(Font)              Font shape `T1/cmbr/bx/n' tried instead on input line 2.


[1

])
\tf@toc=\write6

\openout6 = trigonometrie06.toc


[2]

[1]
Chapitre 1.
LaTeX Font Info:    Font shape `T1/cmbr/b/n' in size <17.28> not available
(Font)              Font shape `T1/cmbr/bx/n' tried instead on input line 166.


[1

]
Chapitre 2.
LaTeX Font Info:    Trying to load font information for T1+cmtl on input line 2
08.
(/usr/share/texmf-dist/tex/latex/cmbright/t1cmtl.fd
File: t1cmtl.fd 2005/04/13 v8.1 (WaS)
)
<sage-plots-for-trigonometrie06.tex/plot-0.pdf, id=28, 455.301pt x 338.66278pt>

File: sage-plots-for-trigonometrie06.tex/plot-0.pdf Graphic file (type pdf)
<use sage-plots-for-trigonometrie06.tex/plot-0.pdf>
Package luatex.def Info: sage-plots-for-trigonometrie06.tex/plot-0.pdf  used on
 input line 215.
(luatex.def)             Requested size: 153.64644pt x 114.286pt.
LaTeX Font Info:    Font shape `T1/cmbr/b/n' in size <14.4> not available
(Font)              Font shape `T1/cmbr/bx/n' tried instead on input line 220.


[2

<./sage-plots-for-trigonometrie06.tex/plot-0.pdf>]
<sage-plots-for-trigonometrie06.tex/plot-1.pdf, id=50, 455.301pt x 338.66277pt>

File: sage-plots-for-trigonometrie06.tex/plot-1.pdf Graphic file (type pdf)
<use sage-plots-for-trigonometrie06.tex/plot-1.pdf>
Package luatex.def Info: sage-plots-for-trigonometrie06.tex/plot-1.pdf  used on
 input line 246.
(luatex.def)             Requested size: 153.64644pt x 114.286pt.


[3<./sage-plots-for-trigonometrie06.tex/plot-1.pdf>]
<sage-plots-for-trigonometrie06.tex/plot-2.pdf, id=72, 455.301pt x 339.01567pt>

File: sage-plots-for-trigonometrie06.tex/plot-2.pdf Graphic file (type pdf)
<use sage-plots-for-trigonometrie06.tex/plot-2.pdf>
Package luatex.def Info: sage-plots-for-trigonometrie06.tex/plot-2.pdf  used on
 input line 276.
(luatex.def)             Requested size: 153.64644pt x 114.40509pt.


[4<./sage-plots-for-trigonometrie06.tex/plot-2.pdf>]

[5]
<sage-plots-for-trigonometrie06.tex/plot-3.pdf, id=97, 452.72893pt x 338.37285p
t>
File: sage-plots-for-trigonometrie06.tex/plot-3.pdf Graphic file (type pdf)
<use sage-plots-for-trigonometrie06.tex/plot-3.pdf>
Package luatex.def Info: sage-plots-for-trigonometrie06.tex/plot-3.pdf  used on
 input line 333.
(luatex.def)             Requested size: 153.64644pt x 114.83871pt.
<sage-plots-for-trigonometrie06.tex/plot-4.pdf, id=98, 454.16942pt x 338.66278p
t>
File: sage-plots-for-trigonometrie06.tex/plot-4.pdf Graphic file (type pdf)
<use sage-plots-for-trigonometrie06.tex/plot-4.pdf>
Package luatex.def Info: sage-plots-for-trigonometrie06.tex/plot-4.pdf  used on
 input line 334.
(luatex.def)             Requested size: 153.64644pt x 114.5702pt.


[6<./sage-plots-for-trigonometrie06.tex/plot-3.pdf><./sage-plots-for-trigonometr
ie06.tex/plot-4.pdf>]
<sage-plots-for-trigonometrie06.tex/plot-5.pdf, id=134, 452.72893pt x 339.669pt
>
File: sage-plots-for-trigonometrie06.tex/plot-5.pdf Graphic file (type pdf)
<use sage-plots-for-trigonometrie06.tex/plot-5.pdf>
Package luatex.def Info: sage-plots-for-trigonometrie06.tex/plot-5.pdf  used on
 input line 375.
(luatex.def)             Requested size: 153.64644pt x 115.27861pt.
<sage-plots-for-trigonometrie06.tex/plot-6.pdf, id=135, 455.301pt x 338.66278pt
>
File: sage-plots-for-trigonometrie06.tex/plot-6.pdf Graphic file (type pdf)
<use sage-plots-for-trigonometrie06.tex/plot-6.pdf>
Package luatex.def Info: sage-plots-for-trigonometrie06.tex/plot-6.pdf  used on
 input line 376.
(luatex.def)             Requested size: 153.64644pt x 114.286pt.


[7<./sage-plots-for-trigonometrie06.tex/plot-5.pdf><./sage-plots-for-trigonometr
ie06.tex/plot-6.pdf>]
<sage-plots-for-trigonometrie06.tex/plot-7.pdf, id=168, 453.75995pt x 338.21674
pt>
File: sage-plots-for-trigonometrie06.tex/plot-7.pdf Graphic file (type pdf)
<use sage-plots-for-trigonometrie06.tex/plot-7.pdf>
Package luatex.def Info: sage-plots-for-trigonometrie06.tex/plot-7.pdf  used on
 input line 417.
(luatex.def)             Requested size: 153.64644pt x 114.52252pt.
<sage-plots-for-trigonometrie06.tex/plot-8.pdf, id=169, 455.301pt x 339.01567pt
>
File: sage-plots-for-trigonometrie06.tex/plot-8.pdf Graphic file (type pdf)
<use sage-plots-for-trigonometrie06.tex/plot-8.pdf>
Package luatex.def Info: sage-plots-for-trigonometrie06.tex/plot-8.pdf  used on
 input line 418.
(luatex.def)             Requested size: 153.64644pt x 114.40509pt.


[8]

[9<./sage-plots-for-trigonometrie06.tex/plot-7.pdf><./sage-plots-for-trigonometr
ie06.tex/plot-8.pdf>]
Chapitre 3.
<sage-plots-for-trigonometrie06.tex/plot-9.pdf, id=208, 454.78677pt x 339.25934
pt>
File: sage-plots-for-trigonometrie06.tex/plot-9.pdf Graphic file (type pdf)
<use sage-plots-for-trigonometrie06.tex/plot-9.pdf>
Package luatex.def Info: sage-plots-for-trigonometrie06.tex/plot-9.pdf  used on
 input line 460.
(luatex.def)             Requested size: 153.64644pt x 114.61673pt.
<sage-plots-for-trigonometrie06.tex/plot-10.pdf, id=209, 454.78677pt x 339.669p
t>
File: sage-plots-for-trigonometrie06.tex/plot-10.pdf Graphic file (type pdf)
<use sage-plots-for-trigonometrie06.tex/plot-10.pdf>
Package luatex.def Info: sage-plots-for-trigonometrie06.tex/plot-10.pdf  used o
n input line 461.
(luatex.def)             Requested size: 153.64644pt x 114.75513pt.


[10

<./sage-plots-for-trigonometrie06.tex/plot-9.pdf><./sage-plots-for-trigonometrie
06.tex/plot-10.pdf>]
<sage-plots-for-trigonometrie06.tex/plot-11.pdf, id=244, 454.78677pt x 338.8919
2pt>
File: sage-plots-for-trigonometrie06.tex/plot-11.pdf Graphic file (type pdf)
<use sage-plots-for-trigonometrie06.tex/plot-11.pdf>
Package luatex.def Info: sage-plots-for-trigonometrie06.tex/plot-11.pdf  used o
n input line 492.
(luatex.def)             Requested size: 153.64644pt x 114.4926pt.
<sage-plots-for-trigonometrie06.tex/plot-12.pdf, id=245, 454.78677pt x 339.2593
4pt>
File: sage-plots-for-trigonometrie06.tex/plot-12.pdf Graphic file (type pdf)
<use sage-plots-for-trigonometrie06.tex/plot-12.pdf>
Package luatex.def Info: sage-plots-for-trigonometrie06.tex/plot-12.pdf  used o
n input line 493.
(luatex.def)             Requested size: 153.64644pt x 114.61673pt.


[11<./sage-plots-for-trigonometrie06.tex/plot-11.pdf><./sage-plots-for-trigonome
trie06.tex/plot-12.pdf>]
Overfull \hbox (3.22688pt too wide) in paragraph at lines 508--509
[]$[] []\OT1/cmbr/m/n/12 (\OML/cmbrm/m/it/12 x\OT1/cmbr/m/n/12 )\OML/cmbrm/m/it
/12 dx \OT1/cmbr/m/n/12 = [] []\OML/cmbrm/m/it/12 dx \OT1/cmbr/m/n/12 = [] \OMS
/cmbrs/m/n/12  [] \OT1/cmbr/m/n/12 = [] =
 []

<sage-plots-for-trigonometrie06.tex/plot-13.pdf, id=281, 454.78677pt x 338.4722
pt>
File: sage-plots-for-trigonometrie06.tex/plot-13.pdf Graphic file (type pdf)
<use sage-plots-for-trigonometrie06.tex/plot-13.pdf>
Package luatex.def Info: sage-plots-for-trigonometrie06.tex/plot-13.pdf  used o
n input line 525.
(luatex.def)             Requested size: 153.64644pt x 114.3508pt.
<sage-plots-for-trigonometrie06.tex/plot-14.pdf, id=282, 454.78677pt x 338.8392
2pt>
File: sage-plots-for-trigonometrie06.tex/plot-14.pdf Graphic file (type pdf)
<use sage-plots-for-trigonometrie06.tex/plot-14.pdf>
Package luatex.def Info: sage-plots-for-trigonometrie06.tex/plot-14.pdf  used o
n input line 526.
(luatex.def)             Requested size: 153.64644pt x 114.4748pt.


[12<./sage-plots-for-trigonometrie06.tex/plot-13.pdf><./sage-plots-for-trigonome
trie06.tex/plot-14.pdf>]
LaTeX Font Info:    Font shape `T1/cmbr/m/it' in size <12> not available
(Font)              Font shape `T1/cmbr/m/sl' tried instead on input line 568.
<sage-plots-for-trigonometrie06.tex/plot-15.pdf, id=320, 455.27716pt x 338.3728
5pt>
File: sage-plots-for-trigonometrie06.tex/plot-15.pdf Graphic file (type pdf)
<use sage-plots-for-trigonometrie06.tex/plot-15.pdf>
Package luatex.def Info: sage-plots-for-trigonometrie06.tex/plot-15.pdf  used o
n input line 570.
(luatex.def)             Requested size: 153.64644pt x 114.19331pt.


[13]

[14<./sage-plots-for-trigonometrie06.tex/plot-15.pdf>]
<sage-plots-for-trigonometrie06.tex/plot-16.pdf, id=343, 455.27716pt x 338.3728
5pt>
File: sage-plots-for-trigonometrie06.tex/plot-16.pdf Graphic file (type pdf)
<use sage-plots-for-trigonometrie06.tex/plot-16.pdf>
Package luatex.def Info: sage-plots-for-trigonometrie06.tex/plot-16.pdf  used o
n input line 606.
(luatex.def)             Requested size: 153.64644pt x 114.19331pt.
<sage-plots-for-trigonometrie06.tex/plot-17.pdf, id=344, 455.27716pt x 339.2593
4pt>
File: sage-plots-for-trigonometrie06.tex/plot-17.pdf Graphic file (type pdf)
<use sage-plots-for-trigonometrie06.tex/plot-17.pdf>
Package luatex.def Info: sage-plots-for-trigonometrie06.tex/plot-17.pdf  used o
n input line 607.
(luatex.def)             Requested size: 153.64644pt x 114.4925pt.
<sage-plots-for-trigonometrie06.tex/plot-18.pdf, id=345, 455.23952pt x 338.3728
5pt>
File: sage-plots-for-trigonometrie06.tex/plot-18.pdf Graphic file (type pdf)
<use sage-plots-for-trigonometrie06.tex/plot-18.pdf>
Package luatex.def Info: sage-plots-for-trigonometrie06.tex/plot-18.pdf  used o
n input line 608.
(luatex.def)             Requested size: 153.64644pt x 114.20364pt.
<sage-plots-for-trigonometrie06.tex/plot-19.pdf, id=346, 453.75995pt x 339.669p
t>
File: sage-plots-for-trigonometrie06.tex/plot-19.pdf Graphic file (type pdf)
<use sage-plots-for-trigonometrie06.tex/plot-19.pdf>
Package luatex.def Info: sage-plots-for-trigonometrie06.tex/plot-19.pdf  used o
n input line 628.
(luatex.def)             Requested size: 153.64644pt x 115.01428pt.


[15<./sage-plots-for-trigonometrie06.tex/plot-16.pdf><./sage-plots-for-trigonome
trie06.tex/plot-17.pdf><./sage-plots-for-trigonometrie06.tex/plot-18.pdf><./sage
-plots-for-trigonometrie06.tex/plot-19.pdf>]
<sage-plots-for-trigonometrie06.tex/plot-20.pdf, id=410, 453.75995pt x 339.669p
t>
File: sage-plots-for-trigonometrie06.tex/plot-20.pdf Graphic file (type pdf)
<use sage-plots-for-trigonometrie06.tex/plot-20.pdf>
Package luatex.def Info: sage-plots-for-trigonometrie06.tex/plot-20.pdf  used o
n input line 661.
(luatex.def)             Requested size: 153.64644pt x 115.01428pt.
<sage-plots-for-trigonometrie06.tex/plot-21.pdf, id=411, 453.75995pt x 339.2593
4pt>
File: sage-plots-for-trigonometrie06.tex/plot-21.pdf Graphic file (type pdf)
<use sage-plots-for-trigonometrie06.tex/plot-21.pdf>
Package luatex.def Info: sage-plots-for-trigonometrie06.tex/plot-21.pdf  used o
n input line 662.
(luatex.def)             Requested size: 153.64644pt x 114.87556pt.
<sage-plots-for-trigonometrie06.tex/plot-22.pdf, id=412, 453.75995pt x 337.3915
3pt>
File: sage-plots-for-trigonometrie06.tex/plot-22.pdf Graphic file (type pdf)
<use sage-plots-for-trigonometrie06.tex/plot-22.pdf>
Package luatex.def Info: sage-plots-for-trigonometrie06.tex/plot-22.pdf  used o
n input line 663.
(luatex.def)             Requested size: 153.64644pt x 114.24312pt.


[16<./sage-plots-for-trigonometrie06.tex/plot-20.pdf><./sage-plots-for-trigonome
trie06.tex/plot-21.pdf><./sage-plots-for-trigonometrie06.tex/plot-22.pdf>]
<sage-plots-for-trigonometrie06.tex/plot-23.pdf, id=465, 453.06569pt x 339.0920
6pt>
File: sage-plots-for-trigonometrie06.tex/plot-23.pdf Graphic file (type pdf)
<use sage-plots-for-trigonometrie06.tex/plot-23.pdf>
Package luatex.def Info: sage-plots-for-trigonometrie06.tex/plot-23.pdf  used o
n input line 680.
(luatex.def)             Requested size: 153.64644pt x 114.99484pt.


[17<./sage-plots-for-trigonometrie06.tex/plot-23.pdf>]
<sage-plots-for-trigonometrie06.tex/plot-24.pdf, id=486, 453.14592pt x 339.669p
t>
File: sage-plots-for-trigonometrie06.tex/plot-24.pdf Graphic file (type pdf)
<use sage-plots-for-trigonometrie06.tex/plot-24.pdf>
Package luatex.def Info: sage-plots-for-trigonometrie06.tex/plot-24.pdf  used o
n input line 717.
(luatex.def)             Requested size: 153.64644pt x 115.16977pt.
<sage-plots-for-trigonometrie06.tex/plot-25.pdf, id=487, 455.301pt x 339.25934p
t>
File: sage-plots-for-trigonometrie06.tex/plot-25.pdf Graphic file (type pdf)
<use sage-plots-for-trigonometrie06.tex/plot-25.pdf>
Package luatex.def Info: sage-plots-for-trigonometrie06.tex/plot-25.pdf  used o
n input line 718.
(luatex.def)             Requested size: 153.64644pt x 114.4873pt.
<sage-plots-for-trigonometrie06.tex/plot-26.pdf, id=488, 453.18837pt x 338.3734
1pt>
File: sage-plots-for-trigonometrie06.tex/plot-26.pdf Graphic file (type pdf)
<use sage-plots-for-trigonometrie06.tex/plot-26.pdf>
Package luatex.def Info: sage-plots-for-trigonometrie06.tex/plot-26.pdf  used o
n input line 719.
(luatex.def)             Requested size: 153.64644pt x 114.72015pt.


[18<./sage-plots-for-trigonometrie06.tex/plot-24.pdf><./sage-plots-for-trigonome
trie06.tex/plot-25.pdf><./sage-plots-for-trigonometrie06.tex/plot-26.pdf>]
Chapitre 4.

Overfull \hbox (6.2233pt too wide) in paragraph at lines 728--728
[]\T1/cmbr/bx/n/17.28 Dé-ri-vées, fonc-tions, pri-mi-tives des fonc-tions tri-
go-no-mé-triques 
 []


Overfull \hbox (6.2233pt too wide) in paragraph at lines 739--739
[]\T1/cmbr/bx/n/17.28 Dé-ri-vées, fonc-tions, pri-mi-tives des fonc-tions tri-
go-no-mé-triques
 []


Overfull \hbox (6.2233pt too wide) in paragraph at lines 750--750
[]\T1/cmbr/bx/n/17.28 Dé-ri-vées, fonc-tions, pri-mi-tives des fonc-tions tri-
go-no-mé-triques
 []



[19

]
Overfull \hbox (6.2233pt too wide) in paragraph at lines 762--762
[]\T1/cmbr/bx/n/17.28 Dé-ri-vées, fonc-tions, pri-mi-tives des fonc-tions tri-
go-no-mé-triques
 []



[20]
Chapitre 5.
<sage-plots-for-trigonometrie06.tex/plot-27.pdf, id=548, 454.24503pt x 339.669p
t>
File: sage-plots-for-trigonometrie06.tex/plot-27.pdf Graphic file (type pdf)
<use sage-plots-for-trigonometrie06.tex/plot-27.pdf>
Package luatex.def Info: sage-plots-for-trigonometrie06.tex/plot-27.pdf  used o
n input line 804.
(luatex.def)             Requested size: 153.64644pt x 114.8899pt.


[21

]
<sage-plots-for-trigonometrie06.tex/plot-28.pdf, id=552, 455.301pt x 338.83644p
t>
File: sage-plots-for-trigonometrie06.tex/plot-28.pdf Graphic file (type pdf)
<use sage-plots-for-trigonometrie06.tex/plot-28.pdf>
Package luatex.def Info: sage-plots-for-trigonometrie06.tex/plot-28.pdf  used o
n input line 836.
(luatex.def)             Requested size: 204.85672pt x 152.4543pt.
<sage-plots-for-trigonometrie06.tex/plot-29.pdf, id=553, 455.301pt x 338.27663p
t>
File: sage-plots-for-trigonometrie06.tex/plot-29.pdf Graphic file (type pdf)
<use sage-plots-for-trigonometrie06.tex/plot-29.pdf>
Package luatex.def Info: sage-plots-for-trigonometrie06.tex/plot-29.pdf  used o
n input line 837.
(luatex.def)             Requested size: 204.85672pt x 152.20242pt.


[22<./sage-plots-for-trigonometrie06.tex/plot-27.pdf><./sage-plots-for-trigonome
trie06.tex/plot-28.pdf><./sage-plots-for-trigonometrie06.tex/plot-29.pdf>]
<sage-plots-for-trigonometrie06.tex/plot-30.pdf, id=608, 455.301pt x 339.669pt>

File: sage-plots-for-trigonometrie06.tex/plot-30.pdf Graphic file (type pdf)
<use sage-plots-for-trigonometrie06.tex/plot-30.pdf>
Package luatex.def Info: sage-plots-for-trigonometrie06.tex/plot-30.pdf  used o
n input line 870.
(luatex.def)             Requested size: 153.64644pt x 114.62556pt.
<sage-plots-for-trigonometrie06.tex/plot-31.pdf, id=609, 455.301pt x 339.669pt>

File: sage-plots-for-trigonometrie06.tex/plot-31.pdf Graphic file (type pdf)
<use sage-plots-for-trigonometrie06.tex/plot-31.pdf>
Package luatex.def Info: sage-plots-for-trigonometrie06.tex/plot-31.pdf  used o
n input line 872.
(luatex.def)             Requested size: 153.64644pt x 114.62556pt.


[23<./sage-plots-for-trigonometrie06.tex/plot-30.pdf><./sage-plots-for-trigonome
trie06.tex/plot-31.pdf>]
<sage-plots-for-trigonometrie06.tex/plot-32.pdf, id=639, 455.301pt x 338.9213pt
>
File: sage-plots-for-trigonometrie06.tex/plot-32.pdf Graphic file (type pdf)
<use sage-plots-for-trigonometrie06.tex/plot-32.pdf>
Package luatex.def Info: sage-plots-for-trigonometrie06.tex/plot-32.pdf  used o
n input line 901.
(luatex.def)             Requested size: 204.85672pt x 152.49248pt.
<sage-plots-for-trigonometrie06.tex/plot-33.pdf, id=640, 455.301pt x 339.669pt>

File: sage-plots-for-trigonometrie06.tex/plot-33.pdf Graphic file (type pdf)
<use sage-plots-for-trigonometrie06.tex/plot-33.pdf>
Package luatex.def Info: sage-plots-for-trigonometrie06.tex/plot-33.pdf  used o
n input line 902.
(luatex.def)             Requested size: 204.85672pt x 152.8289pt.


[24<./sage-plots-for-trigonometrie06.tex/plot-32.pdf><./sage-plots-for-trigonome
trie06.tex/plot-33.pdf>]
<sage-plots-for-trigonometrie06.tex/plot-34.pdf, id=674, 454.33769pt x 339.2593
4pt>
File: sage-plots-for-trigonometrie06.tex/plot-34.pdf Graphic file (type pdf)
<use sage-plots-for-trigonometrie06.tex/plot-34.pdf>
Package luatex.def Info: sage-plots-for-trigonometrie06.tex/plot-34.pdf  used o
n input line 944.
(luatex.def)             Requested size: 153.64644pt x 114.73062pt.
<sage-plots-for-trigonometrie06.tex/plot-35.pdf, id=675, 454.33769pt x 339.2593
4pt>
File: sage-plots-for-trigonometrie06.tex/plot-35.pdf Graphic file (type pdf)
<use sage-plots-for-trigonometrie06.tex/plot-35.pdf>
Package luatex.def Info: sage-plots-for-trigonometrie06.tex/plot-35.pdf  used o
n input line 946.
(luatex.def)             Requested size: 153.64644pt x 114.73062pt.

*********************************************************************


[25<./sage-plots-for-trigonometrie06.tex/plot-34.pdf><./sage-plots-for-trigonome
trie06.tex/plot-35.pdf>] (./trigonometrie06.aux)
 ***********
LaTeX2e <2024-11-01> patch level 2
L3 programming layer <2025-01-18>
 ***********


LaTeX Warning: Label(s) may have changed. Rerun to get cross-references right.

)

Here is how much of LuaTeX's memory you used:
 10086 strings out of 475506
 100000,794899 words of node,token memory allocated
 1233 words of node memory still in use:
   7 hlist, 2 vlist, 2 rule, 19 glue, 4 kern, 1 penalty, 2 glyph, 257 attribute,
 61 glue_spec, 38 attribute_list, 1 write nodes
   avail lists: 2:2574,3:300,4:120,5:490,6:60,7:4156,8:96,9:900,10:14,11:240
 32732 multiletter control sequences out of 65536+600000
 73 fonts using 4652967 bytes
 57i,12n,62p,491b,332s stack positions out of 10000i,1000n,20000p,200000b,200000s
{/usr/share/texmf-dist/fonts/enc/dvips/cm-super/cm-super-t1.enc}{/usr/share/texm
f-dist/fonts/enc/dvips/lm/lm-ec.enc}</usr/share/texmf-dist/fonts/type1/public/am
sfonts/cm/cmex10.pfb></usr/share/texmf-dist/fonts/type1/public/hfbright/hfbr10.p
fb></usr/share/texmf-dist/fonts/type1/public/hfbright/hfbr17.pfb></usr/share/tex
mf-dist/fonts/type1/public/hfbright/hfbr8.pfb></usr/share/texmf-dist/fonts/type1
/public/hfbright/hfbras10.pfb></usr/share/texmf-dist/fonts/type1/public/hfbright
/hfbrbs10.pfb></usr/share/texmf-dist/fonts/type1/public/hfbright/hfbrmi10.pfb></
usr/share/texmf-dist/fonts/type1/public/hfbright/hfbrmi8.pfb></usr/share/texmf-d
ist/fonts/type1/public/hfbright/hfbrsy10.pfb></usr/share/texmf-dist/fonts/type1/
public/hfbright/hfbrsy8.pfb></usr/share/texmf-dist/fonts/type1/public/lm/lmr12.p
fb></usr/share/texmf-dist/fonts/type1/public/cm-super/sfbbx10.pfb></usr/share/te
xmf-dist/fonts/type1/public/cm-super/sfbmo10.pfb></usr/share/texmf-dist/fonts/ty
pe1/public/cm-super/sfbmr10.pfb></usr/share/texmf-dist/fonts/type1/public/cm-sup
er/sfbmr17.pfb></usr/share/texmf-dist/fonts/type1/public/cm-super/sfbmr8.pfb></u
sr/share/texmf-dist/fonts/type1/public/cm-super/sfbtl10.pfb>
Output written on trigonometrie06.pdf (29 pages, 405824 bytes).

PDF statistics: 768 PDF objects out of 1000 (max. 8388607)
 440 compressed objects within 5 object streams
 0 named destinations out of 1000 (max. 131072)
 1 words of extra memory for PDF output out of 10000 (max. 100000000)

